128	1.2	0
-3.141593	2.404280	-0.174044
0.000000	0.000000	0.000000
11as.receptor_m.pdb	-1.504	-1.216	2.269
11as.ligand_m.pdb	1.504	5.862	-6.575
1.832596	2.073035	2.027405	4	108	112	2003.633
-2.094395	2.041297	-2.664597	112	101	113	1554.960
1.047198	0.700570	1.559208	13	100	107	1262.767
1.570796	2.138223	1.678323	4	104	114	1219.164
2.356194	2.478122	2.609777	111	117	101	1207.655
-3.141593	2.033014	2.977192	114	116	102	1163.406
1.570796	1.766067	2.153843	1	112	106	1157.961
0.000000	2.724429	-0.348782	20	102	119	1142.338
2.879793	1.869911	2.701025	116	120	99	1134.665
2.879793	2.174483	2.653697	116	111	104	1132.826
-1.570796	1.948085	-2.363031	113	99	115	1110.709
-2.617994	2.588535	-2.976617	109	106	106	1109.691
-2.356194	2.349581	-2.702517	113	102	110	1107.701
-3.141593	2.356369	3.005869	115	111	104	1094.892
-1.832596	2.251330	-2.330739	114	99	117	1094.001
-1.832596	1.741644	-2.695914	113	98	113	1060.586
0.000000	0.864993	2.278281	8	109	99	1059.425
-1.832596	1.050534	3.042579	0	125	103	1055.693
-2.094395	1.870545	-2.976234	110	99	110	1055.611
-1.047198	0.640596	-2.797608	8	96	119	1041.527
-2.617994	2.407836	1.410646	121	102	99	1040.242
-2.356194	2.164094	-2.991358	110	106	104	1039.947
2.617994	2.478122	2.609777	114	110	106	1038.254
-2.879793	2.588535	-2.976617	107	110	106	1035.937
-0.523599	1.658653	-2.409879	123	95	119	1034.078
1.832596	2.138223	1.678323	6	103	113	1022.438
-1.308997	1.869911	2.701025	127	6	102	1011.008
-1.832596	1.658653	-2.409879	108	100	116	1008.950
2.094395	1.875281	0.107086	127	101	100	1001.980
0.785398	2.592629	0.909713	123	99	105	995.187
2.617994	1.214854	-1.966664	108	25	1	978.812
0.261799	1.506530	1.988858	100	110	113	976.143
-3.141593	2.587733	0.232235	126	97	103	975.859
-1.047198	0.929350	-2.910676	6	96	114	968.605
-2.356194	2.881233	-2.582574	102	101	113	968.223
2.617994	1.998705	2.370472	119	120	94	965.937
-2.879793	2.356369	3.005869	116	104	109	964.325
2.356194	1.998705	2.370472	120	123	93	944.580
-2.356194	2.393226	1.857173	116	100	100	942.065
1.047198	0.674054	1.013609	9	93	111	940.469
-1.570796	1.741644	-2.695914	117	96	113	937.107
0.261799	1.440580	2.260026	104	111	109	936.213
2.617994	2.174483	2.653697	115	118	99	931.950
-2.094395	2.881233	-2.582574	108	102	105	929.981
1.047198	1.872854	1.543456	1	106	93	928.649
1.832596	1.134796	2.434290	123	120	100	921.187
-0.523599	0.733948	3.021411	10	97	112	919.203
-0.785398	0.419640	2.974122	4	95	116	917.391
1.308997	1.301460	-0.509251	0	97	103	916.824
-3.141593	2.478122	2.609777	110	109	96	916.754
-0.785398	0.929350	-2.910676	6	96	116	916.043
-2.617994	0.992645	-1.723759	0	109	112	915.459
-1.308997	1.756530	-2.105156	119	98	123	915.297
-2.094395	1.374601	-2.456031	103	103	115	915.073
-2.094395	2.349581	-2.702517	111	103	107	914.851
0.523599	0.591903	2.010408	17	95	110	914.668
-2.356194	1.413430	2.550734	125	97	127	913.898
-0.785398	1.977582	0.969896	104	19	12	912.945
1.308997	2.356369	3.005869	5	96	111	912.875
2.094395	1.699788	2.452890	118	122	97	911.930
0.523599	0.910508	1.903534	12	97	103	907.789
1.570796	1.195355	1.200319	16	97	108	903.539
-2.094395	1.555207	1.708892	122	96	110	901.871
-1.832596	2.349581	-2.702517	112	99	107	901.822
0.261799	0.700570	1.559208	123	94	107	901.262
0.523599	2.138223	1.678323	3	102	106	900.059
2.879793	2.760637	2.781135	107	109	103	897.580
-0.785398	0.640596	-2.797608	9	98	120	897.238
1.047198	2.073035	2.027405	2	118	90	896.423
0.000000	0.618092	2.539118	16	96	110	895.625
-2.617994	2.349581	-2.702517	106	104	113	895.555
-2.879793	2.164094	-2.991358	112	113	104	894.990
1.047198	0.864993	2.278281	3	114	101	894.612
0.261799	0.290380	-0.796960	117	98	106	892.810
1.308997	1.721184	-0.153948	14	89	113	892.594
1.047198	2.295480	1.008277	126	96	124	890.508
1.047198	1.195355	1.200319	10	93	104	888.594
0.261799	0.864993	2.278281	12	103	101	888.330
0.785398	1.998705	2.370472	108	103	108	887.474
1.832596	0.700570	1.559208	31	108	113	886.756
-1.308997	0.419640	2.974122	97	110	118	886.564
-1.308997	2.153910	-1.714959	124	97	4	885.758
-2.356194	2.251330	-2.330739	94	112	112	885.340
0.261799	0.591903	2.010408	9	102	104	885.306
-1.832596	2.041297	-2.664597	113	95	116	884.520
1.308997	2.704512	1.488683	117	107	98	881.642
-1.570796	1.218453	2.777284	1	1	103	879.061
-1.570796	1.846342	-1.796954	125	99	6	878.250
-1.570796	2.724429	-0.348782	1	101	101	878.211
-1.308997	0.618092	2.539118	117	97	109	877.537
-2.617994	1.134796	2.434290	119	99	121	876.463
-1.570796	2.704512	1.488683	124	95	105	876.352
-1.832596	1.948085	-2.363031	121	95	124	873.355
-0.523599	1.374601	-2.456031	123	96	121	871.375
-1.570796	1.658653	-2.409879	113	99	115	871.047
1.308997	1.510910	-0.740472	127	94	106	870.590
1.047198	2.592629	0.909713	120	94	124	869.242
2.617994	2.180315	-1.357379	126	105	99	867.042
1.832596	1.014500	0.906702	20	97	115	866.703
2.879793	1.545873	-1.877082	94	127	2	866.355
2.356194	2.704512	1.488683	124	102	96	864.018
-0.261799	1.184361	0.625864	101	12	16	861.383
-1.570796	2.251330	-2.330739	112	98	114	860.898
0.261799	1.168678	2.108595	102	109	112	860.668
2.094395	1.045978	0.343692	10	113	98	858.915
-0.785398	0.370812	-2.547742	21	98	0	858.113
-1.047198	0.619654	-2.216909	10	100	0	857.875
-1.047198	2.881233	-2.582574	13	89	110	856.953
-0.261799	0.591903	2.010408	124	93	111	856.922
-1.047198	1.050534	3.042579	0	92	111	856.111
-2.356194	1.766067	2.153843	119	0	87	853.293
0.261799	1.247695	1.809890	100	110	113	853.075
0.000000	2.407836	1.410646	94	1	105	852.218
-1.308997	2.174483	2.653697	2	9	103	851.065
1.570796	1.168678	2.108595	123	118	96	850.652
-1.308997	0.640596	-2.797608	4	95	118	849.602
0.523599	1.506530	1.988858	102	102	115	849.479
-2.094395	2.251330	-2.330739	97	106	112	849.307
0.785398	0.700570	1.559208	102	102	122	848.176
0.523599	1.766067	2.153843	104	104	111	847.964
-0.523599	1.433411	-1.035986	27	100	118	847.787
-2.356194	2.588535	-2.976617	108	103	103	847.677
-0.523599	0.866395	-2.492918	2	96	125	847.148
-2.356194	0.992645	-1.723759	1	107	112	845.986
0.785398	2.295480	1.008277	124	99	102	845.374
0.000000	0.850607	-1.335383	31	106	116	845.286
2.879793	1.391910	3.030322	110	112	107	843.165
-1.308997	0.929350	-2.910676	0	91	118	842.436
-1.308997	2.881233	-2.582574	7	90	109	839.719
1.047198	1.134796	2.434290	122	117	99	839.589
-1.047198	0.733948	3.021411	111	93	110	839.461
-1.832596	0.929350	-2.910676	127	120	103	838.824
-1.832596	2.063651	-2.044600	120	99	3	838.660
1.047198	1.218453	2.777284	6	125	99	838.586
-0.785398	0.733948	3.021411	6	93	113	836.645
-3.141593	2.760637	2.781135	105	101	108	836.525
2.879793	1.948085	-2.363031	88	9	2	835.740
-2.879793	2.138223	1.678323	110	104	98	833.030
2.879793	2.356369	3.005869	111	113	105	832.960
2.879793	1.135813	-2.658866	114	25	119	832.469
-2.094395	2.164094	-2.991358	111	99	107	832.094
-1.832596	1.756530	-2.105156	123	97	2	831.023
1.047198	2.138223	1.678323	125	112	92	829.652
2.879793	1.998705	2.370472	119	118	93	828.596
0.785398	1.025536	1.576859	102	101	122	827.286
1.308997	0.864993	2.278281	3	118	100	826.590
-2.879793	2.174483	2.653697	114	110	97	826.217
0.261799	2.704512	1.488683	103	97	117	825.569
0.261799	1.741644	-2.695914	119	95	109	822.449
-1.047198	0.866955	-0.931351	120	98	109	821.535
-2.617994	2.356369	3.005869	106	102	106	820.741
-1.047198	0.914445	2.687814	123	94	107	818.947
-1.047198	1.617114	-1.572037	11	102	17	818.275
0.785398	2.138223	1.678323	126	112	91	818.112
-0.261799	0.914445	2.687814	14	96	106	818.021
1.047198	2.108018	1.311430	122	106	93	817.568
-0.785398	2.979456	-1.009304	120	97	114	817.449
-1.308997	0.733948	3.021411	106	94	110	816.754
-1.308997	1.658653	-2.409879	106	106	105	816.635
1.308997	0.906588	1.252948	11	99	107	816.491
-1.047198	0.618092	2.539118	93	120	1	814.072
-1.047198	1.982574	-1.115518	121	103	29	813.876
-0.261799	1.134497	-1.109631	30	104	118	813.448
1.047198	2.704512	1.488683	102	104	3	811.792
2.094395	1.998705	2.370472	120	123	94	811.775
-0.261799	1.433411	-1.035986	30	104	118	811.267
1.570796	2.704512	1.488683	115	102	106	810.491
-1.832596	2.174483	2.653697	118	97	103	810.387
0.785398	0.418037	1.360082	10	94	112	810.363
-2.879793	2.760637	2.781135	111	103	100	810.054
1.308997	1.134796	2.434290	122	118	100	807.862
-2.094395	2.579248	-2.364801	112	100	113	807.481
1.308997	0.418037	1.360082	19	97	115	806.543
-0.261799	0.618092	2.539118	10	94	110	806.180
-0.523599	2.164094	-2.991358	125	1	98	805.709
2.094395	1.554776	0.100351	5	104	101	805.424
2.356194	2.356369	3.005869	103	117	107	804.954
1.570796	1.134796	2.434290	123	119	100	804.864
0.785398	1.218453	2.777284	3	121	99	804.804
-2.617994	1.113094	-0.272241	20	108	123	802.980
0.261799	2.393226	1.857173	96	103	116	802.835
0.785398	0.910508	1.903534	108	100	117	802.564
-1.308997	1.846342	-1.796954	1	96	7	802.559
-0.261799	2.724429	-0.348782	17	99	118	799.821
-3.141593	2.174483	2.653697	113	111	99	799.761
0.523599	1.247695	1.809890	102	107	113	798.772
1.308997	2.592629	0.909713	0	93	125	797.906
-2.617994	1.135834	-1.431087	5	106	117	797.562
-1.047198	2.343981	-1.040456	117	103	23	796.712
-2.879793	2.104282	-0.813972	124	103	102	795.900
2.356194	2.138223	1.678323	121	105	99	795.788
-2.879793	0.899350	-2.069907	0	113	109	794.488
-2.094395	0.929350	-2.910676	0	120	105	793.654
1.047198	0.831641	0.616218	8	88	122	792.016
-3.141593	1.574060	2.783565	113	0	96	791.055
0.261799	2.041297	-2.664597	120	98	104	790.955
-0.523599	0.618092	2.539118	3	92	112	790.943
-1.832596	0.571433	-1.188419	22	106	28	790.764
1.570796	0.850607	-1.335383	126	97	107	788.178
-1.570796	2.719179	-1.780644	117	98	13	788.078
0.261799	1.134796	2.434290	20	100	101	787.616
1.570796	0.700570	1.559208	29	103	113	787.465
1.832596	0.906588	1.252948	29	102	112	787.029
1.308997	2.393226	1.857173	4	106	105	786.652
1.308997	1.218453	2.777284	4	124	102	786.617
-2.879793	2.478122	2.609777	113	106	96	786.574
-2.617994	0.458961	-0.107937	24	111	18	786.349
-1.047198	0.866395	-2.492918	9	95	127	786.344
1.047198	1.574060	2.783565	16	5	95	785.671
-3.141593	0.619654	-2.216909	86	117	8	785.400
2.879793	2.478122	2.609777	111	111	98	784.363
-1.047198	1.904882	-1.478089	7	102	16	783.418
-2.617994	0.685216	-1.712745	1	109	112	782.644
-2.094395	1.741644	-2.695914	105	104	109	782.093
2.094395	1.617114	-1.572037	8	102	105	781.483
-2.356194	2.356369	3.005869	112	104	99	779.947
0.785398	1.824694	1.850876	4	111	91	779.756
2.094395	2.138223	1.678323	9	102	114	778.613
-2.617994	0.619654	-2.216909	126	118	106	778.386
2.617994	2.073035	2.027405	119	110	98	778.288
0.261799	2.073035	2.027405	4	98	109	778.258
-1.832596	2.592629	0.909713	124	96	102	777.898
1.047198	0.418037	1.360082	19	91	117	777.857
-2.356194	2.041297	-2.664597	109	115	103	777.607
-0.523599	2.588535	-2.976617	0	8	101	777.375
0.000000	0.910508	1.903534	127	95	104	777.080
-1.047198	1.448123	-2.163292	102	105	108	776.931
-1.308997	0.370812	-2.547742	12	92	127	776.152
-1.308997	2.456751	-1.503343	117	98	19	774.602
-0.523599	0.866955	-0.931351	28	101	121	774.334
0.261799	0.297065	2.160177	17	91	118	774.094
-0.261799	0.864993	2.278281	4	94	105	773.812
-1.570796	2.063651	-2.044600	124	95	1	772.977
0.000000	1.025536	1.576859	95	111	115	772.850
2.356194	2.579248	-2.364801	6	113	95	772.787
0.785398	0.591903	2.010408	23	97	111	772.729
1.308997	2.295480	1.008277	2	93	123	771.371
-1.308997	1.214854	-1.966664	14	98	14	770.523
2.094395	1.014500	0.906702	23	101	115	770.255
-0.785398	1.128190	-2.288622	127	97	124	770.211
-0.523599	1.025536	1.576859	119	92	107	770.184
1.832596	1.413430	2.550734	120	126	96	769.879
1.832596	1.721184	-0.153948	4	99	102	769.493
-2.356194	1.721184	-0.153948	111	104	99	769.039
1.047198	1.766067	2.153843	5	110	102	768.972
0.000000	0.419640	2.974122	5	98	116	767.871
2.094395	1.440580	2.260026	120	121	94	767.775
-2.879793	1.014500	0.906702	29	8	14	767.581
0.523599	0.906588	1.252948	1	95	104	766.545
1.570796	1.413430	2.550734	118	121	98	766.165
2.617994	2.760637	2.781135	108	118	97	765.960
-1.308997	0.850607	-1.335383	18	108	18	765.912
-0.785398	1.846342	-1.796954	112	104	104	765.440
0.000000	1.168678	2.108595	6	100	97	764.771
-1.570796	1.555207	1.708892	122	94	108	764.742
-2.094395	0.866955	-0.931351	16	108	26	763.550
-1.308997	1.168678	2.108595	116	99	103	762.380
1.047198	2.407836	1.410646	101	105	1	761.929
2.617994	1.869911	2.701025	116	5	93	761.914
0.785398	1.014500	0.906702	5	89	114	761.453
1.570796	0.591903	2.010408	30	110	6	761.040
-0.785398	0.910508	1.903534	119	101	100	760.917
0.785398	1.310100	1.488307	8	97	99	760.314
0.785398	2.108018	1.311430	105	99	123	758.946
1.832596	2.637879	2.121598	119	112	98	758.909
1.570796	1.662363	0.915448	18	93	110	758.871
0.523599	1.977582	0.969896	104	99	3	758.338
0.785398	0.914445	2.687814	5	118	102	757.834
-1.832596	0.080730	-2.622036	97	110	4	757.737
0.785398	1.721184	-0.153948	125	93	108	756.633
-2.617994	1.766067	2.153843	119	1	87	756.230
2.094395	0.906588	1.252948	31	108	113	755.753
-0.785398	0.297065	2.160177	91	108	126	755.675
1.047198	1.809167	1.213774	0	100	97	755.615
1.570796	1.870545	-2.976234	7	100	107	755.479
0.261799	2.299159	2.264663	2	94	110	755.047
-2.879793	2.033014	2.977192	115	110	103	754.833
-3.141593	2.396274	-1.959260	90	10	0	754.011
-0.523599	1.050534	3.042579	112	105	110	753.934
1.832596	1.448123	-2.163292	5	102	104	753.492
-3.141593	2.153910	-1.714959	94	120	8	752.749
1.570796	1.506530	1.988858	2	109	110	752.622
-2.879793	0.762244	-0.273349	25	110	26	752.190
2.094395	2.174483	2.653697	104	126	93	752.071
-1.832596	2.407836	1.410646	120	95	103	752.000
-2.094395	1.658653	-2.409879	104	101	116	751.839
2.617994	1.574060	2.783565	111	112	107	751.350
-2.356194	0.615174	-0.666022	20	107	23	751.285
1.047198	1.824694	1.850876	5	112	91	751.099
-2.356194	2.033014	2.977192	112	108	97	751.016
-1.308997	1.325504	-1.671296	13	101	16	750.928
-0.261799	2.664082	-1.071402	114	105	97	750.870
-0.785398	2.356369	3.005869	125	6	102	750.557
-1.308997	2.379497	0.561089	100	15	9	750.545
-0.523599	2.407836	1.410646	102	18	0	750.445
0.785398	1.699788	2.452890	106	98	112	750.443
-2.094395	1.998705	2.370472	121	121	88	750.427
-0.261799	0.910508	1.903534	119	93	105	750.346
0.000000	0.418037	1.360082	92	107	124	750.132
2.356194	2.393226	1.857173	114	103	100	749.829
-1.047198	1.846342	-1.796954	117	96	3	749.594
-2.356194	1.113094	-0.272241	22	110	124	749.063
2.094395	0.674054	1.013609	30	103	117	748.104
2.617994	1.218453	2.777284	117	21	99	748.082
2.094395	2.637879	2.121598	112	116	93	747.921
-2.879793	1.824694	1.850876	105	110	97	746.902
-1.047198	1.194549	-0.801900	16	124	31	746.753
0.523599	1.310100	1.488307	2	99	96	746.556
0.523599	2.379497	0.561089	123	95	108	746.172
1.570796	1.025536	1.576859	24	102	0	745.418
1.832596	1.699788	2.452890	1	2	93	745.287
-1.832596	2.356369	3.005869	116	92	109	745.055
-1.832596	1.699788	2.452890	10	7	104	744.753
-1.832596	1.998705	2.370472	118	101	98	744.681
0.000000	1.391910	3.030322	13	126	101	744.647
0.523599	1.998705	2.370472	105	106	108	744.206
-1.308997	0.960688	-0.577532	121	97	111	743.668
-2.356194	2.187132	-0.479875	122	102	101	743.293
1.047198	0.591903	2.010408	27	101	111	743.203
0.000000	0.700570	1.559208	117	93	107	742.971
2.879793	1.756530	-2.105156	90	11	9	742.837
1.832596	0.591903	2.010408	127	112	106	742.189
-0.523599	0.914445	2.687814	103	108	111	742.165
1.570796	1.809167	1.213774	12	95	121	741.871
-1.832596	1.870545	-2.976234	112	99	105	741.820
1.047198	1.391910	3.030322	7	0	101	741.673
-1.047198	2.104282	-0.813972	117	108	26	741.629
-2.879793	2.251330	-2.330739	90	125	112	741.296
-1.047198	1.168678	2.108595	121	97	104	740.531
-0.785398	1.756530	-2.105156	108	105	104	740.193
-1.308997	1.741644	-2.695914	122	92	115	739.660
0.261799	1.413430	2.550734	20	105	98	739.064
0.523599	0.297065	2.160177	21	95	119	738.816
2.879793	1.574060	2.783565	113	8	95	738.468
2.617994	1.766067	2.153843	120	116	95	738.411
0.000000	1.247695	1.809890	98	112	113	737.930
1.570796	1.606104	-0.451151	123	101	97	737.894
-1.047198	1.545873	-1.877082	14	99	15	737.754
0.261799	1.870545	-2.976234	19	125	102	737.130
-2.879793	0.866955	-0.931351	9	104	118	736.848
2.356194	1.413430	2.550734	112	109	108	736.407
-0.261799	1.809167	1.213774	89	121	106	735.975
1.570796	1.977582	0.969896	11	92	125	735.920
-0.523599	2.719179	-1.780644	8	88	116	735.523
1.832596	1.909857	-0.381669	3	95	107	735.391
2.617994	1.310100	1.488307	31	119	1	735.201
-2.617994	1.134497	-1.109631	9	106	122	734.896
-2.094395	0.733948	3.021411	3	127	104	734.690
2.617994	2.455966	-0.641220	2	96	105	734.688
-3.141593	2.664082	-1.071402	126	101	101	734.427
-1.832596	2.180315	-1.357379	101	98	119	734.338
1.570796	0.906588	1.252948	18	99	110	734.299
-1.047198	2.863997	0.549740	1	98	104	734.004
0.785398	1.555207	1.708892	104	101	118	733.353
0.523599	1.569311	-3.003978	123	95	113	733.168
-2.094395	2.356369	3.005869	114	93	112	733.113
0.785398	2.299159	2.264663	104	98	113	733.004
-1.308997	0.866395	-2.492918	6	92	127	732.555
0.785398	1.977582	0.969896	107	98	4	732.527
1.308997	1.662363	0.915448	12	91	109	732.387
1.308997	1.184361	0.625864	15	88	118	732.266
1.570796	2.108018	1.311430	6	97	119	732.188
0.000000	1.506530	1.988858	96	112	115	731.831
-0.785398	0.618092	2.539118	122	95	109	731.697
1.570796	2.407836	1.410646	119	97	120	731.656
1.570796	2.637879	2.121598	101	105	0	731.446
1.308997	0.700570	1.559208	25	98	112	731.414
0.523599	2.637879	2.121598	100	101	113	731.072
-1.047198	0.370812	-2.547742	17	95	127	730.438
-0.785398	1.448123	-2.163292	0	94	4	730.414
1.832596	1.998705	2.370472	125	126	92	730.111
0.785398	1.809167	1.213774	125	100	98	729.981
2.356194	2.299159	2.264663	117	116	94	729.946
0.261799	2.637879	2.121598	95	107	112	729.842
0.000000	1.824694	1.850876	103	119	100	729.804
-1.308997	0.203748	0.590255	115	97	110	729.727
1.570796	0.418037	1.360082	28	99	119	729.712
-0.785398	2.407836	1.410646	125	92	108	729.570
0.261799	2.407836	1.410646	99	100	120	729.543
-2.094395	1.766067	2.153843	119	126	87	728.563
2.356194	2.637879	2.121598	114	113	93	728.537
-1.832596	1.450119	-2.739050	109	99	111	728.532
1.308997	2.073035	2.027405	0	120	89	728.428
0.000000	0.297065	2.160177	7	92	117	728.320
2.617994	2.299159	2.264663	117	113	94	728.126
-1.308997	0.992645	-1.723759	6	101	12	728.011
-3.141593	2.063651	-2.044600	88	9	5	727.726
0.000000	1.569311	-3.003978	117	98	111	727.707
1.832596	1.732874	-0.951685	127	96	105	727.543
1.308997	1.977582	0.969896	9	92	104	726.984
-0.523599	1.756530	-2.105156	117	100	110	726.798
-1.570796	1.736875	3.023612	119	96	104	726.677
-1.308997	2.115563	0.685730	102	17	13	726.246
-2.356194	2.138223	1.678323	121	113	90	726.039
-2.094395	1.050534	3.042579	5	127	101	725.922
-2.879793	0.992645	-1.723759	95	111	6	725.839
-1.570796	2.349581	-2.702517	113	89	118	725.656
0.523599	1.025536	1.576859	4	96	102	725.545
1.308997	1.113094	-0.272241	0	100	100	725.288
0.785398	2.478122	2.609777	102	104	108	725.057
0.000000	1.555207	1.708892	99	116	102	724.608
2.879793	2.033014	2.977192	106	103	114	724.548
2.094395	2.187132	-0.479875	123	99	98	724.534
-0.523599	2.153910	-1.714959	27	107	112	724.523
-0.261799	1.506530	1.988858	94	116	116	724.499
0.261799	1.869911	2.701025	117	100	105	724.442
2.879793	2.041297	-2.664597	86	7	123	723.949
-2.094395	0.615174	-0.666022	21	108	16	723.902
1.570796	1.812176	0.656819	18	90	113	723.797
-1.570796	1.756530	-2.105156	0	94	4	723.605
0.000000	1.242974	-2.977882	127	93	124	723.500
0.000000	1.948085	-2.363031	113	99	103	723.275
2.617994	1.128190	-2.288622	111	25	124	723.172
-1.308997	1.242974	-2.977882	111	94	109	722.581
0.523599	1.488617	1.159546	127	95	102	722.457
-0.261799	1.658653	-2.409879	127	94	119	722.328
2.356194	0.831641	0.616218	29	102	16	722.304
-1.308997	2.719179	-1.780644	116	97	115	722.148
1.570796	0.864993	2.278281	123	113	103	721.929
-1.570796	1.374601	-2.456031	119	101	113	721.489
1.832596	1.504028	0.636812	23	93	116	721.227
0.261799	1.025536	1.576859	95	110	122	720.775
-1.308997	1.904882	-1.478089	123	100	29	720.051
0.785398	0.906588	1.252948	13	89	112	719.781
2.617994	1.699788	2.452890	120	127	94	719.776
-3.141593	2.164094	-2.991358	105	107	111	719.575
1.308997	1.335669	0.897240	12	91	109	719.348
-0.785398	2.153910	-1.714959	115	107	101	718.842
-2.879793	2.349581	-2.702517	89	120	105	718.698
-2.879793	1.872854	1.543456	113	109	96	718.654
-0.523599	1.846342	-1.796954	120	117	94	718.584
1.308997	1.413430	2.550734	117	121	99	718.324
1.047198	1.184361	0.625864	8	88	117	718.062
0.000000	1.756530	-2.105156	116	96	107	717.918
0.785398	1.766067	2.153843	9	117	90	717.882
1.047198	1.977582	0.969896	4	93	104	717.594
1.570796	1.488617	1.159546	13	96	106	717.570
-1.308997	1.948085	-2.363031	111	106	104	717.538
-2.094395	1.168678	2.108595	91	110	103	717.259
-1.308997	1.374601	-2.456031	120	97	116	717.176
-1.047198	2.295480	1.008277	103	21	3	717.172
-2.617994	1.506530	1.988858	119	7	88	717.050
-0.523599	0.591903	2.010408	116	97	106	716.803
0.523599	0.700570	1.559208	99	104	123	716.771
1.570796	2.393226	1.857173	121	114	92	716.466
-3.141593	2.979456	-1.009304	107	100	99	716.333
0.261799	1.766067	2.153843	100	108	112	716.097
-1.047198	1.836682	-0.676006	119	113	29	716.024
-1.308997	2.587733	0.232235	124	100	101	715.186
0.000000	0.914445	2.687814	19	99	106	715.052
-1.047198	0.290380	-0.796960	119	99	112	714.854
-0.785398	0.899350	-2.069907	13	100	10	714.682
1.308997	1.310100	1.488307	12	99	103	714.680
-2.356194	0.619654	-2.216909	95	111	121	714.679
1.832596	2.164094	-2.991358	120	104	100	714.208
0.000000	0.591903	2.010408	102	119	109	714.141
-2.356194	0.899350	-2.069907	93	112	15	713.989
0.785398	0.674054	1.013609	124	103	100	713.861
-0.785398	2.063651	-2.044600	117	101	111	713.722
-1.308997	1.413347	-1.339188	8	105	22	713.682
-1.308997	1.569311	-3.003978	122	93	110	713.552
2.879793	1.736875	3.023612	111	112	106	713.344
-3.141593	1.869911	2.701025	117	117	98	711.675
2.879793	2.251330	-2.330739	90	10	126	711.651
-0.785398	1.504028	0.636812	112	21	19	711.625
2.094395	1.683268	0.374177	0	106	97	711.561
1.308997	1.909857	-0.381669	14	89	116	711.391
-1.047198	1.128190	-2.288622	6	95	3	711.188
-0.523599	0.850607	-1.335383	23	97	115	711.169
0.000000	2.637879	2.121598	94	111	112	710.955
-2.094395	0.571433	-1.188419	20	103	29	710.879
1.308997	2.138223	1.678323	3	102	113	710.512
2.356194	1.218453	2.777284	123	21	99	710.444
1.047198	2.456751	-1.503343	122	100	100	710.320
-3.141593	0.709924	0.218797	29	112	21	710.043
1.047198	1.050534	3.042579	7	93	0	709.891
-2.094395	1.606104	-0.451151	121	102	106	709.738
-1.047198	2.664082	-1.071402	115	101	16	709.173
-0.785398	2.664082	-1.071402	19	99	114	708.816
0.523599	2.393226	1.857173	96	5	106	708.701
-3.141593	2.349581	-2.702517	90	125	105	708.539
0.000000	2.138223	1.678323	2	94	112	708.430
-3.141593	0.762244	-0.273349	24	106	28	708.359
1.832596	1.310100	1.488307	30	108	108	708.344
2.617994	2.138223	1.678323	122	105	99	708.312
2.617994	2.356369	3.005869	103	118	102	708.271
-2.617994	2.041297	-2.664597	104	104	113	708.046
1.308997	1.998705	2.370472	5	126	90	707.264
0.785398	1.574060	2.783565	109	99	108	707.234
2.879793	1.050534	3.042579	111	113	107	707.226
1.047198	2.587733	0.232235	0	94	102	707.080
-2.879793	1.998705	2.370472	117	123	88	706.862
-1.047198	1.325504	-1.671296	15	102	17	706.598
-2.094395	2.588535	-2.976617	113	99	103	706.312
-0.261799	1.247695	1.809890	94	117	119	706.276
-0.261799	1.218453	2.777284	13	112	99	706.108
-2.617994	0.080730	-2.622036	86	111	6	705.635
0.785398	1.662363	0.915448	126	94	103	705.398
-3.141593	2.251330	-2.330739	85	4	127	705.056
-0.523599	1.134796	2.434290	2	97	101	704.934
-0.261799	1.756530	-2.105156	114	99	106	704.621
-1.570796	0.733948	3.021411	99	98	110	704.500
-3.141593	2.343981	-1.040456	110	26	18	704.404
-1.047198	1.812176	0.656819	107	19	18	704.258
-1.047198	0.419640	2.974122	127	92	118	703.816
-0.261799	0.419640	2.974122	12	97	120	703.797
0.523599	1.184361	0.625864	120	97	99	703.297
1.832596	0.674054	1.013609	26	98	118	703.074
-2.356194	1.756530	-2.105156	93	115	120	702.867
-2.356194	2.579248	-2.364801	98	111	107	702.566
-2.356194	1.555207	1.708892	117	99	110	702.279
-1.047198	2.063651	-2.044600	115	104	106	701.909
-1.832596	0.866955	-0.931351	15	110	26	701.795
-1.308997	2.041297	-2.664597	112	111	102	701.542
-0.261799	1.135834	-1.431087	27	101	111	701.011
2.356194	1.134497	-1.109631	106	3	28	700.890
-1.832596	1.374601	-2.456031	107	100	115	700.882
2.094395	1.809167	1.213774	4	107	93	700.864
-0.523599	1.488617	1.159546	107	23	8	700.688
1.308997	1.599406	1.426070	8	99	102	700.430
2.356194	1.574060	2.783565	122	13	96	700.286
-1.570796	1.569311	-3.003978	118	98	107	700.254
1.570796	1.256302	0.062705	5	107	95	700.191
-2.879793	1.606104	-0.451151	124	3	32	700.074
-0.261799	1.824694	1.850876	102	120	100	699.790
-2.617994	1.335669	0.897240	26	12	12	699.771
-0.785398	1.836682	-0.676006	120	109	29	699.252
1.832596	1.025536	1.576859	26	106	127	699.176
2.094395	2.299159	2.264663	117	119	94	699.162
-2.356194	2.063651	-2.044600	92	116	117	699.124
1.308997	1.488617	1.159546	15	94	107	699.000
1.047198	1.736875	3.023612	16	9	98	698.917
0.785398	2.379497	0.561089	123	93	2	698.809
1.047198	2.863997	0.549740	17	103	121	698.707
-2.094395	0.080730	-2.622036	95	111	3	698.561
2.094395	2.247462	0.191623	26	124	18	698.252
2.356194	2.073035	2.027405	123	116	91	698.214
1.308997	0.910508	1.903534	27	104	107	697.879
0.523599	0.618092	2.539118	0	94	116	697.771
-1.832596	1.218453	2.777284	3	1	103	697.752
1.308997	1.168678	2.108595	127	116	95	697.635
-1.047198	2.456751	-1.503343	121	93	19	697.529
-0.785398	2.138223	1.678323	102	10	109	697.402
-2.356194	2.407836	1.410646	108	95	102	697.391
1.047198	1.256302	0.062705	3	109	92	697.240
2.356194	1.766067	2.153843	122	121	91	697.170
-2.356194	1.128190	-2.288622	100	106	117	696.646
-0.785398	1.214854	-1.966664	8	100	100	696.585
0.261799	0.906588	1.252948	109	92	106	696.393
2.879793	2.299159	2.264663	117	111	93	695.988
-0.785398	2.033014	2.977192	123	3	99	695.873
-0.785398	1.050534	3.042579	105	108	109	695.513
-2.879793	1.301460	-0.509251	15	106	124	695.201
2.094395	1.335669	0.897240	26	99	4	695.146
0.261799	1.998705	2.370472	96	102	115	695.024
2.356194	2.063651	-2.044600	110	40	11	695.004
-0.261799	0.850607	-1.335383	27	101	116	694.864
2.094395	1.869911	2.701025	105	108	111	694.842
-1.570796	1.870545	-2.976234	118	94	108	694.730
2.879793	0.685216	-1.712745	92	122	10	694.605
-0.261799	2.455966	-0.641220	120	93	12	694.441
-1.047198	1.242974	-2.977882	2	98	109	694.128
-0.785398	1.135834	-1.431087	15	96	108	694.096
-2.617994	1.617114	-1.572037	94	111	14	693.714
-1.047198	1.756530	-2.105156	116	96	122	693.477
-2.617994	2.138223	1.678323	113	103	98	693.215
0.523599	1.168678	2.108595	105	106	111	692.667
-2.356194	1.050534	3.042579	6	126	102	692.585
1.308997	1.812176	0.656819	12	88	111	692.570
2.094395	0.080730	-2.622036	118	96	111	692.439
-1.047198	0.864993	2.278281	117	98	104	692.312
0.000000	2.343981	-1.040456	115	98	100	692.145
-0.785398	0.619654	-2.216909	22	100	6	692.061
0.261799	0.910508	1.903534	6	96	103	692.005
-3.141593	1.391910	3.030322	107	106	110	691.995
-0.261799	0.866395	-2.492918	6	95	126	691.883
-2.094395	0.290380	-0.796960	26	108	22	691.875
1.308997	1.574060	2.783565	127	2	96	691.585
-1.832596	0.850607	-1.335383	15	104	31	691.464
1.832596	1.812176	0.656819	22	93	113	691.361
2.879793	1.699788	2.452890	118	3	90	691.307
-1.570796	2.356369	3.005869	121	92	108	690.867
-3.141593	1.374601	-2.456031	82	127	7	690.480
-1.047198	0.297065	2.160177	86	108	127	690.345
0.523599	0.418037	1.360082	4	93	112	690.273
-1.047198	2.592629	0.909713	100	16	3	690.117
-1.308997	2.180315	-1.357379	117	102	26	689.838
0.785398	1.599406	1.426070	103	99	125	689.725
-1.570796	1.168678	2.108595	10	89	124	689.656
-2.617994	2.164094	-2.991358	101	105	107	689.232
1.570796	0.379747	-1.713059	116	91	115	689.105
1.047198	1.247695	1.809890	12	103	100	688.979
0.785398	1.554776	0.100351	125	94	106	688.945
2.356194	0.674054	1.013609	32	109	118	688.930
-0.523599	2.356369	3.005869	122	6	101	688.843
-0.785398	2.396274	-1.959260	5	88	122	688.812
-2.356194	1.135834	-1.431087	7	104	117	688.574
-1.832596	2.396274	-1.959260	95	102	118	688.245
2.094395	1.433411	-1.035986	0	12	40	687.884
-0.261799	1.977582	0.969896	6	93	111	687.867
-1.570796	0.866955	-0.931351	16	113	26	687.833
-2.356194	0.866955	-0.931351	15	106	27	687.733
0.523599	1.872854	1.543456	101	100	122	687.584
-2.879793	0.960688	-0.577532	21	110	32	687.549
-0.785398	1.904882	-1.478089	5	97	10	687.438
-0.261799	0.733948	3.021411	2	100	108	687.434
-2.617994	1.998705	2.370472	118	121	88	687.148
2.879793	1.214854	-1.966664	90	2	12	687.066
-0.261799	2.295480	1.008277	88	0	109	686.953
-2.879793	0.866395	-2.492918	3	118	104	686.633
1.047198	0.914445	2.687814	4	122	102	686.615
-1.047198	2.396274	-1.959260	121	116	95	686.469
1.570796	1.617114	-1.572037	3	102	101	686.181
-0.261799	1.374601	-2.456031	0	94	123	686.070
0.523599	1.555207	1.708892	4	105	91	686.066
-2.617994	2.174483	2.653697	114	116	91	686.005
-2.879793	1.741644	-2.695914	87	117	113	685.991
2.094395	1.195355	1.200319	27	102	126	685.910
-0.523599	1.134497	-1.109631	26	99	117	685.822
2.879793	2.247462	0.191623	123	101	97	685.564
-1.047198	1.214854	-1.966664	17	99	14	685.557
-2.094395	1.450119	-2.739050	124	110	108	685.063
2.879793	1.218453	2.777284	114	14	99	683.648
-0.261799	2.180315	-1.357379	27	108	116	683.436
-2.879793	1.214854	-1.966664	0	109	112	681.977
-0.261799	2.041297	-2.664597	107	101	103	681.665
-0.523599	1.135834	-1.431087	23	97	111	681.451
2.356194	1.367556	0.358405	6	102	108	681.316
-3.141593	1.128190	-2.288622	2	115	104	681.265
1.832596	1.195355	1.200319	23	100	2	681.250
-0.785398	2.343981	-1.040456	120	98	23	681.186
2.356194	1.256302	0.062705	9	115	29	680.645
-3.141593	1.948085	-2.363031	85	3	2	680.547
0.523599	1.134796	2.434290	122	97	116	680.473
2.094395	2.881233	-2.582574	6	103	99	680.285
-2.094395	1.699788	2.452890	13	6	104	680.123
0.000000	1.134796	2.434290	103	92	5	680.002
-3.141593	1.545873	-1.877082	90	4	15	679.926
2.879793	0.379747	-1.713059	90	116	7	679.799
0.000000	2.393226	1.857173	94	107	116	679.677
2.094395	2.164094	-2.991358	13	99	113	679.301
0.785398	1.247695	1.809890	7	102	98	678.916
2.094395	1.367556	0.358405	6	109	98	678.804
-1.047198	1.450119	-2.739050	123	93	113	678.473
2.356194	1.014500	0.906702	37	110	118	678.428
-1.047198	2.984978	1.954446	122	98	101	678.426
2.094395	2.455966	-0.641220	112	94	102	678.281
-3.141593	2.863997	0.549740	28	17	127	677.930
1.832596	2.393226	1.857173	117	111	95	677.657
0.000000	2.108018	1.311430	92	123	104	677.460
-0.785398	1.194549	-0.801900	117	99	100	677.356
2.094395	1.184361	0.625864	7	113	98	677.250
1.047198	0.906588	1.252948	6	97	105	677.225
0.261799	0.418037	1.360082	122	100	105	677.148
-1.308997	2.251330	-2.330739	115	93	115	677.023
1.832596	1.335669	0.897240	24	95	112	676.715
-2.879793	1.870545	-2.976234	111	117	103	676.671
-0.785398	0.864993	2.278281	120	93	109	676.207
1.832596	1.766067	2.153843	1	124	90	675.743
-2.356194	1.450119	-2.739050	93	107	112	675.679
2.617994	2.164094	-2.991358	101	113	111	675.623
0.523599	2.760637	2.781135	115	32	124	675.469
-2.879793	1.904882	-1.478089	94	8	14	675.449
-2.617994	0.762244	-0.273349	22	105	120	675.243
2.356194	0.203748	0.590255	15	98	6	675.016
-0.523599	2.393226	1.857173	106	10	107	674.887
-3.141593	1.872854	1.543456	110	110	96	674.367
2.356194	1.699788	2.452890	124	2	93	674.104
-1.308997	0.379747	-1.713059	25	103	23	673.782
-0.785398	0.914445	2.687814	1	101	102	673.576
-1.047198	1.135813	-2.658866	4	93	122	673.516
0.785398	0.571433	-1.188419	110	92	110	673.463
-3.141593	0.992645	-1.723759	93	124	18	673.455
1.832596	2.664082	-1.071402	124	97	103	673.402
-1.308997	0.619654	-2.216909	12	96	0	672.789
2.879793	1.134497	-1.109631	104	125	23	672.730
-0.523599	2.396274	-1.959260	12	88	123	672.727
1.308997	0.831641	0.616218	15	88	122	672.703
2.879793	2.637879	2.121598	118	105	95	672.472
2.094395	0.685216	-1.712745	127	93	116	672.379
0.000000	1.218453	2.777284	14	116	98	672.326
0.000000	1.812176	0.656819	98	119	15	672.110
1.832596	1.809167	1.213774	0	104	93	671.663
-2.094395	0.203748	0.590255	119	94	122	671.043
1.047198	1.662363	0.915448	4	92	103	670.500
1.308997	1.872854	1.543456	5	102	100	670.382
-1.570796	1.242974	-2.977882	103	96	109	670.375
-0.261799	1.242974	-2.977882	120	99	115	670.232
1.308997	2.108018	1.311430	0	98	125	670.219
-2.879793	1.846342	-1.796954	91	116	10	669.815
2.879793	0.961715	0.014085	24	106	24	669.673
1.047198	0.910508	1.903534	24	100	105	669.513
-2.094395	2.063651	-2.044600	92	111	117	669.441
-2.356194	1.045978	0.343692	116	104	110	669.114
0.000000	2.704512	1.488683	99	100	117	668.878
-3.141593	1.846342	-1.796954	92	9	12	668.843
2.879793	1.135834	-1.431087	98	0	21	668.544
-2.617994	0.615174	-0.666022	23	106	29	668.524
2.879793	2.187132	-0.479875	5	21	27	668.261
1.047198	1.128190	-2.288622	26	15	122	668.078
-0.261799	2.396274	-1.959260	19	90	124	668.070
-0.785398	1.545873	-1.877082	17	99	15	668.055
0.261799	1.948085	-2.363031	120	97	104	667.986
-0.261799	2.033014	2.977192	15	119	96	667.919
-2.094395	2.396274	-1.959260	106	99	114	667.824
-0.261799	0.685216	-1.712745	23	97	113	667.776
2.356194	1.045978	0.343692	22	100	19	667.709
1.047198	1.025536	1.576859	10	100	102	667.611
-2.617994	0.370812	-2.547742	86	111	7	667.478
2.356194	2.724429	-0.348782	106	93	104	667.051
2.617994	2.637879	2.121598	116	109	93	667.000
0.785398	1.256302	0.062705	2	111	91	666.930
-2.356194	1.413347	-1.339188	100	108	16	666.894
2.879793	1.846342	-1.796954	95	13	12	666.851
-1.570796	1.450119	-2.739050	105	96	112	666.820
0.785398	1.374601	-2.456031	121	97	106	666.701
-1.308997	1.135813	-2.658866	118	92	118	666.393
-1.570796	1.195355	1.200319	127	32	4	666.375
-2.617994	0.899350	-2.069907	127	113	106	666.301
-0.523599	2.579248	-2.364801	21	90	117	666.095
0.785398	0.203748	0.590255	94	119	8	665.722
2.617994	1.736875	3.023612	107	113	108	665.077
0.261799	1.184361	0.625864	91	121	11	665.036
-1.570796	1.824694	1.850876	113	98	100	664.934
-2.356194	0.709924	0.218797	28	10	25	664.808
-1.832596	2.033014	2.977192	117	111	95	664.764
-2.879793	1.617114	-1.572037	94	115	14	664.645
2.094395	1.766067	2.153843	121	120	91	664.501
-2.879793	1.836682	-0.676006	120	106	99	664.472
-0.261799	2.349581	-2.702517	103	101	100	664.200
1.570796	1.184361	0.625864	1	105	99	664.184
-1.047198	2.180315	-1.357379	121	97	25	664.176
-2.617994	2.251330	-2.330739	89	120	112	663.808
0.000000	1.194549	-0.801900	16	3	30	663.437
-1.832596	0.733948	3.021411	95	101	110	663.280
-1.308997	1.732874	-0.951685	122	112	32	663.151
2.617994	2.251330	-2.330739	92	14	0	663.044
0.523599	0.674054	1.013609	127	90	112	662.922
-0.261799	1.545873	-1.877082	29	108	107	662.644
-1.047198	1.948085	-2.363031	120	93	116	662.590
2.617994	1.982574	-1.115518	7	101	105	662.539
-2.356194	1.741644	-2.695914	100	109	109	662.021
2.617994	1.606104	-0.451151	2	12	31	661.915
-0.261799	1.134796	2.434290	7	98	101	661.750
-3.141593	1.836682	-0.676006	117	19	24	661.692
0.785398	2.407836	1.410646	110	95	120	661.625
2.617994	2.396274	-1.959260	107	41	6	661.428
1.832596	1.184361	0.625864	5	109	99	661.319
1.832596	1.168678	2.108595	124	115	98	661.173
2.879793	1.569311	-3.003978	103	107	112	661.093
-1.047198	1.732874	-0.951685	123	109	32	661.012
-0.523599	2.033014	2.977192	12	114	95	660.873
-2.356194	2.404280	-0.174044	109	26	12	660.555
-2.617994	0.866395	-2.492918	127	118	106	660.409
2.617994	1.836682	-0.676006	7	16	34	660.354
-1.570796	1.662363	0.915448	124	38	3	660.312
-2.879793	2.073035	2.027405	102	104	100	660.113
-1.047198	0.080730	-2.622036	20	94	125	659.945
1.570796	1.440580	2.260026	115	117	98	659.792
-1.047198	0.203748	0.590255	126	33	7	659.531
1.570796	2.295480	1.008277	7	92	123	659.421
1.308997	1.606104	-0.451151	117	99	98	659.149
1.047198	2.588535	-2.976617	116	32	123	659.000
-0.523599	1.736875	3.023612	16	117	99	658.829
2.094395	1.555207	1.708892	4	118	89	658.699
2.356194	2.174483	2.653697	102	123	93	658.661
0.785398	0.864993	2.278281	126	111	100	658.631
0.000000	1.658653	-2.409879	121	99	106	658.377
-3.141593	1.325504	-1.671296	95	119	7	657.876
-1.570796	2.579248	-2.364801	110	91	120	657.873
0.000000	1.545873	-1.877082	118	94	111	657.766
-2.617994	1.599406	1.426070	114	107	100	657.658
-0.523599	0.458961	-0.107937	118	100	103	657.433
-1.308997	1.450119	-2.739050	112	94	112	657.361
-0.523599	2.343981	-1.040456	125	95	3	657.328
0.785398	2.637879	2.121598	105	97	114	657.297
1.308997	0.674054	1.013609	13	95	112	657.062
0.261799	1.599406	1.426070	100	101	1	656.969
-0.785398	0.850607	-1.335383	29	116	13	656.896
-0.523599	1.809167	1.213774	104	20	7	656.672
1.308997	0.709924	0.218797	12	112	96	656.596
1.570796	2.164094	-2.991358	6	99	108	656.484
0.000000	1.872854	1.543456	96	120	101	656.267
1.832596	1.194549	-0.801900	125	5	39	656.059
2.617994	2.393226	1.857173	122	109	91	656.000
0.785398	1.168678	2.108595	13	105	100	655.917
2.879793	2.180315	-1.357379	17	100	112	655.878
0.000000	2.041297	-2.664597	113	99	103	655.815
0.785398	1.506530	1.988858	106	101	114	655.745
-0.523599	2.979456	-1.009304	123	93	9	655.719
-2.617994	2.724429	-0.348782	100	104	99	655.671
1.308997	1.440580	2.260026	125	119	92	655.643
2.094395	2.073035	2.027405	124	116	92	655.538
-1.570796	2.881233	-2.582574	0	91	108	655.395
0.523599	2.881233	-2.582574	126	94	106	655.312
-2.356194	1.658653	-2.409879	107	102	115	655.093
-0.785398	1.335669	0.897240	104	18	12	654.922
-1.832596	1.982574	-1.115518	122	110	95	654.870
-1.047198	0.615174	-0.666022	125	93	116	654.836
2.617994	0.674054	1.013609	115	101	117	654.825
2.879793	0.709924	0.218797	29	107	22	654.752
-1.308997	1.050534	3.042579	108	96	106	654.344
-0.261799	2.393226	1.857173	103	11	111	654.260
-0.523599	0.992645	-1.723759	18	96	108	654.062
1.570796	0.685216	-1.712745	115	91	114	653.998
2.356194	1.683268	0.374177	32	101	119	653.698
-2.879793	2.863997	0.549740	125	93	109	653.523
-3.141593	1.699788	2.452890	116	2	90	653.500
2.356194	2.760637	2.781135	100	106	114	653.380
1.308997	1.699788	2.452890	120	124	92	653.246
1.570796	0.297065	2.160177	36	118	0	653.143
0.523599	1.699788	2.452890	15	121	90	653.068
1.570796	1.214854	-1.966664	5	102	104	653.064
-2.617994	1.809167	1.213774	119	105	98	653.063
-2.617994	2.592629	0.909713	119	95	103	652.762
-0.523599	1.335669	0.897240	102	15	12	652.445
-2.356194	2.108018	1.311430	107	99	99	652.299
-0.785398	1.658653	-2.409879	127	91	125	651.609
2.617994	1.256302	0.062705	13	108	101	651.544
-0.261799	0.992645	-1.723759	23	98	109	651.543
0.523599	0.290380	-0.796960	123	29	17	651.500
0.000000	1.574060	2.783565	15	112	97	651.322
-2.879793	0.458961	-0.107937	28	109	24	651.242
0.523599	0.203748	0.590255	88	105	5	651.021
0.785398	1.195355	1.200319	4	94	102	650.988
0.000000	2.404280	-0.174044	117	94	9	650.898
-0.523599	1.948085	-2.363031	122	94	115	650.883
-1.832596	0.418037	1.360082	4	31	125	650.875
0.000000	2.455966	-0.641220	124	89	12	650.695
-0.261799	1.732874	-0.951685	30	104	118	650.539
1.570796	1.325504	-1.671296	5	105	100	650.276
-1.308997	1.545873	-1.877082	10	98	14	650.090
-2.094395	0.370812	-2.547742	95	111	3	650.075
-2.617994	0.929350	-2.910676	3	121	104	649.985
1.832596	1.599406	1.426070	19	100	113	649.955
2.617994	0.831641	0.616218	30	108	16	649.521
-1.308997	0.910508	1.903534	98	97	106	649.354
1.832596	2.455966	-0.641220	107	94	102	649.174
1.832596	1.128190	-2.288622	7	101	107	649.069
-2.617994	2.760637	2.781135	116	101	99	649.033
-2.617994	0.961715	0.014085	24	108	121	648.991
2.356194	1.904882	-1.478089	9	99	109	648.940
-0.261799	1.413347	-1.339188	123	95	109	648.852
0.785398	1.872854	1.543456	98	104	110	648.727
2.617994	1.417623	-0.202254	9	122	33	648.392
-2.094395	2.138223	1.678323	123	114	88	648.372
2.094395	2.704512	1.488683	120	104	95	648.346
-2.879793	2.299159	2.264663	113	98	102	648.203
-2.879793	0.700570	1.559208	106	99	119	647.404
1.047198	0.458961	-0.107937	93	120	21	647.174
-2.094395	1.948085	-2.363031	105	115	103	647.141
-1.832596	1.135834	-1.431087	8	104	32	646.769
1.308997	0.914445	2.687814	3	124	102	646.727
-2.617994	1.909857	-0.381669	115	104	99	646.493
0.261799	1.699788	2.452890	97	101	115	646.387
1.570796	1.367556	0.358405	4	112	27	646.308
-0.785398	2.724429	-0.348782	108	111	94	646.141
-1.570796	1.617114	-1.572037	127	102	11	646.133
0.000000	0.685216	-1.712745	26	100	114	646.101
0.000000	1.998705	2.370472	111	101	104	646.033
-1.308997	2.073035	2.027405	121	96	103	645.949
2.356194	1.335669	0.897240	31	105	115	645.548
2.617994	0.709924	0.218797	27	102	22	645.448
1.047198	1.310100	1.488307	7	100	99	644.979
1.570796	0.674054	1.013609	28	94	119	644.963
-0.523599	2.664082	-1.071402	123	91	15	644.631
-1.308997	0.615174	-0.666022	121	99	111	644.623
1.832596	1.045978	0.343692	25	91	125	644.594
-0.261799	2.704512	1.488683	94	106	117	644.403
2.879793	1.658653	-2.409879	87	7	3	644.337
-1.308997	1.982574	-1.115518	101	102	9	643.744
-1.047198	1.696674	-1.253233	127	103	33	643.673
2.356194	1.869911	2.701025	120	5	94	643.446
-1.047198	1.247695	1.809890	118	100	99	643.305
1.570796	1.574060	2.783565	126	3	96	643.073
-1.832596	0.914445	2.687814	4	4	104	642.978
-1.832596	1.325504	-1.671296	95	109	112	642.947
-1.570796	2.041297	-2.664597	111	89	119	642.875
1.570796	1.836682	-0.676006	127	93	108	642.734
0.000000	1.450119	-2.739050	119	97	113	642.695
2.617994	0.379747	-1.713059	89	122	7	642.473
-0.523599	2.349581	-2.702517	100	104	100	642.421
-0.785398	1.413347	-1.339188	21	96	111	642.260
-3.141593	1.135834	-1.431087	98	125	21	642.175
-1.832596	2.588535	-2.976617	0	91	107	642.029
1.047198	1.555207	1.708892	7	103	98	641.930
-3.141593	1.506530	1.988858	99	119	99	641.927
0.000000	1.440580	2.260026	99	111	111	641.616
-1.570796	0.458961	-0.107937	25	7	21	641.349
1.832596	2.033014	2.977192	99	121	108	641.320
1.832596	1.869911	2.701025	109	127	96	641.297
1.832596	1.977582	0.969896	15	93	125	641.275
-1.047198	2.579248	-2.364801	7	88	115	641.176
-1.308997	2.396274	-1.959260	124	91	16	641.117
2.617994	2.153910	-1.714959	111	39	14	640.839
1.832596	2.478122	2.609777	94	113	112	640.746
1.570796	1.310100	1.488307	109	98	121	640.508
-2.094395	2.073035	2.027405	120	104	97	640.490
2.094395	2.724429	-0.348782	102	95	103	640.381
-0.523599	1.218453	2.777284	5	107	99	640.099
2.879793	0.831641	0.616218	31	114	15	639.943
1.308997	1.367556	0.358405	113	88	114	639.867
-1.832596	1.545873	-1.877082	98	111	108	639.772
0.523599	2.104282	-0.813972	16	112	30	639.689
0.261799	1.658653	-2.409879	122	95	109	639.594
-1.832596	0.700570	1.559208	118	32	2	639.469
2.617994	1.391910	3.030322	115	17	101	639.456
2.356194	2.349581	-2.702517	10	118	96	639.440
-0.523599	0.762244	-0.273349	126	20	32	639.392
0.785398	1.440580	2.260026	10	97	115	639.355
2.356194	2.153910	-1.714959	5	100	107	639.318
0.523599	0.864993	2.278281	22	98	106	639.299
0.261799	1.194549	-0.801900	16	1	31	638.975
2.094395	2.984978	1.954446	108	104	105	638.908
-3.141593	2.115563	0.685730	28	13	11	638.470
0.785398	1.488617	1.159546	2	95	99	638.453
-0.523599	1.617114	-1.572037	27	102	109	638.401
2.879793	2.984978	1.954446	125	95	103	638.314
1.308997	1.809167	1.213774	7	95	122	638.125
0.785398	2.456751	-1.503343	119	100	100	637.960
1.308997	1.135813	-2.658866	20	32	127	637.875
-0.523599	1.194549	-0.801900	27	101	122	637.546
0.523599	1.014500	0.906702	125	92	106	637.531
-2.094395	2.478122	2.609777	121	95	105	637.500
-1.047198	1.218453	2.777284	124	95	104	637.318
-2.879793	2.881233	-2.582574	107	98	115	637.229
1.570796	1.869911	2.701025	122	1	95	636.884
-3.141593	1.218453	2.777284	111	11	99	636.775
-0.261799	0.418037	1.360082	86	109	0	636.775
2.879793	1.433411	-1.035986	110	10	29	636.593
2.356194	0.866955	-0.931351	105	126	26	636.315
-1.047198	2.153910	-1.714959	8	98	9	636.156
0.785398	2.863997	0.549740	122	96	119	636.062
1.832596	1.256302	0.062705	113	92	114	636.043
1.570796	1.909857	-0.381669	113	100	97	636.038
-1.308997	2.588535	-2.976617	14	89	109	635.932
-2.094395	2.033014	2.977192	107	94	107	635.480
1.047198	0.496451	0.593859	6	88	125	635.438
-2.879793	0.418037	1.360082	105	102	114	635.004
0.523599	0.961715	0.014085	1	107	92	634.996
1.047198	1.869911	2.701025	0	95	114	634.879
-1.570796	1.721184	-0.153948	116	12	30	634.879
-2.356194	2.664082	-1.071402	0	105	98	634.876
0.785398	2.719179	-1.780644	122	102	97	634.818
-0.261799	2.343981	-1.040456	26	106	118	634.803
-3.141593	0.685216	-1.712745	93	118	17	634.768
1.570796	1.699788	2.452890	124	124	93	634.642
-0.523599	0.297065	2.160177	96	103	124	634.579
-3.141593	1.658653	-2.409879	103	102	120	634.459
1.832596	0.831641	0.616218	22	93	120	634.422
-3.141593	2.108018	1.311430	116	105	97	634.185
1.832596	2.407836	1.410646	13	104	122	634.149
-3.141593	0.458961	-0.107937	25	103	21	634.050
2.094395	1.904882	-1.478089	6	100	104	633.994
-1.832596	2.579248	-2.364801	115	99	111	633.782
-2.617994	1.872854	1.543456	116	97	111	633.477
-1.308997	0.899350	-2.069907	6	96	10	633.312
-1.308997	2.579248	-2.364801	115	94	109	633.150
2.617994	0.899350	-2.069907	109	27	2	632.896
-2.356194	1.998705	2.370472	120	121	88	632.827
-1.047198	0.910508	1.903534	104	93	106	632.811
-2.356194	2.724429	-0.348782	104	24	7	632.773
-0.523599	0.640596	-2.797608	23	94	0	632.723
-0.785398	1.135813	-2.658866	122	99	114	632.665
-1.047198	1.869911	2.701025	122	7	101	632.443
-0.523599	2.108018	1.311430	104	19	5	632.438
1.047198	1.721184	-0.153948	7	88	113	632.422
-0.523599	0.929350	-2.910676	0	97	114	632.270
-0.261799	1.555207	1.708892	94	115	120	632.094
-0.523599	2.456751	-1.503343	26	106	114	631.338
2.356194	1.617114	-1.572037	9	101	108	630.936
-2.094395	2.704512	1.488683	25	20	121	630.828
1.047198	1.045978	0.343692	120	95	103	630.762
-0.785398	2.180315	-1.357379	125	95	6	630.750
-2.356194	1.909857	-0.381669	118	104	99	630.744
0.785398	1.335669	0.897240	3	90	109	630.719
-0.523599	0.419640	2.974122	15	91	120	630.672
-1.570796	1.510910	-0.740472	126	119	33	630.576
1.570796	1.113094	-0.272241	127	102	97	630.549
0.785398	2.579248	-2.364801	118	10	98	630.482
-0.785398	1.134497	-1.109631	19	96	114	630.357
2.879793	2.349581	-2.702517	94	123	108	630.248
-1.308997	1.433411	-1.035986	0	111	34	630.099
0.261799	0.419640	2.974122	33	103	2	630.080
0.523599	2.478122	2.609777	3	97	104	630.049
0.000000	1.599406	1.426070	96	104	2	629.705
2.879793	1.413347	-1.339188	101	4	22	629.633
-2.879793	0.619654	-2.216909	88	112	7	629.585
-2.617994	2.404280	-0.174044	118	24	20	629.500
0.523599	2.407836	1.410646	107	95	121	629.488
0.523599	2.299159	2.264663	102	107	108	629.399
-0.785398	1.367556	0.358405	98	21	19	629.331
-2.617994	1.194549	-0.801900	116	117	97	629.250
2.356194	1.756530	-2.105156	107	38	13	629.126
1.832596	1.440580	2.260026	120	121	94	628.808
-0.523599	1.413347	-1.339188	25	99	110	628.769
-2.617994	2.579248	-2.364801	104	103	115	628.688
-1.832596	1.721184	-0.153948	1	10	31	628.680
2.879793	1.374601	-2.456031	85	4	6	628.642
0.523599	1.413430	2.550734	2	111	96	628.618
1.832596	1.662363	0.915448	21	94	1	628.612
-0.261799	0.297065	2.160177	98	107	121	628.345
1.047198	1.014500	0.906702	13	88	115	628.289
-2.094395	1.135813	-2.658866	0	114	106	628.139
-0.785398	2.251330	-2.330739	14	88	123	628.113
0.523599	0.914445	2.687814	125	94	3	628.062
-2.356194	0.960688	-0.577532	19	107	125	627.992
-1.832596	2.089241	-0.114193	123	97	106	627.922
0.261799	1.809167	1.213774	0	99	101	627.884
0.000000	1.045978	0.343692	104	10	22	627.874
2.617994	2.033014	2.977192	109	116	104	627.574
0.785398	0.618092	2.539118	18	101	8	627.573
0.261799	1.045978	0.343692	88	122	13	627.496
0.000000	1.869911	2.701025	112	100	105	627.348
-2.356194	0.640596	-2.797608	94	7	4	627.322
-1.570796	0.290380	-0.796960	25	115	18	627.000
-2.617994	0.906588	1.252948	28	14	5	626.959
2.617994	1.756530	-2.105156	94	18	10	626.839
0.000000	1.413347	-1.339188	32	108	113	626.774
-0.785398	2.579248	-2.364801	14	88	117	626.742
1.832596	2.299159	2.264663	122	121	92	626.721
-1.570796	2.588535	-2.976617	7	89	108	626.514
0.785398	1.134796	2.434290	121	113	100	626.388
-1.047198	1.135834	-1.431087	10	95	107	626.369
0.785398	2.984978	1.954446	108	96	112	626.033
2.617994	2.343981	-1.040456	2	98	106	625.922
-2.879793	1.809167	1.213774	115	101	104	625.826
1.570796	0.831641	0.616218	123	93	112	625.730
-2.879793	0.910508	1.903534	117	100	118	625.637
-3.141593	1.998705	2.370472	117	114	94	625.449
-0.785398	1.242974	-2.977882	5	94	112	625.447
-1.570796	0.571433	-1.188419	22	108	22	625.432
1.308997	0.297065	2.160177	36	112	0	625.315
-0.785398	2.455966	-0.641220	114	105	20	625.230
1.832596	0.297065	2.160177	34	123	0	624.895
2.356194	2.881233	-2.582574	92	18	121	624.856
0.000000	1.214854	-1.966664	110	96	107	624.832
0.000000	1.741644	-2.695914	120	94	114	624.793
0.000000	0.960688	-0.577532	11	6	31	624.728
1.308997	1.025536	1.576859	23	98	106	624.703
1.832596	1.488617	1.159546	29	103	110	624.676
0.000000	2.299159	2.264663	94	106	115	624.188
2.094395	2.393226	1.857173	118	101	112	624.162
-0.261799	2.138223	1.678323	100	7	98	623.959
-3.141593	2.379497	0.561089	118	99	99	623.790
0.785398	2.587733	0.232235	127	90	6	623.781
2.094395	0.418037	1.360082	38	115	126	623.699
-2.356194	1.506530	1.988858	117	6	88	623.688
-0.261799	1.948085	-2.363031	109	100	103	623.614
1.832596	1.574060	2.783565	6	13	96	623.409
-3.141593	1.732874	-0.951685	122	108	100	623.384
-2.356194	2.104282	-0.813972	126	104	100	623.265
2.879793	1.741644	-2.695914	85	6	126	623.114
2.617994	2.724429	-0.348782	127	95	105	622.852
-2.617994	1.050534	3.042579	7	125	102	622.617
1.570796	0.709924	0.218797	5	93	114	622.613
-2.356194	2.979456	-1.009304	103	99	110	622.537
-1.832596	2.587733	0.232235	104	24	4	622.422
-0.523599	0.910508	1.903534	123	94	105	622.125
-1.570796	1.135834	-1.431087	10	103	26	622.045
0.261799	0.615174	-0.666022	0	26	20	622.031
0.523599	1.904882	-1.478089	124	94	107	621.891
1.570796	1.504028	0.636812	117	93	107	621.883
0.261799	2.108018	1.311430	126	99	104	621.638
-0.523599	1.242974	-2.977882	116	104	110	621.474
2.879793	1.045978	0.343692	30	111	19	621.142
-1.047198	1.504028	0.636812	102	25	13	621.141
2.094395	1.194549	-0.801900	126	5	40	621.127
-3.141593	2.299159	2.264663	111	99	102	621.098
1.570796	1.545873	-1.877082	3	101	104	621.094
2.356194	2.001437	0.381215	121	103	96	620.950
2.094395	2.407836	1.410646	8	97	125	620.758
1.570796	0.866955	-0.931351	104	14	24	620.688
-2.617994	0.960688	-0.577532	13	109	26	620.584
0.261799	1.555207	1.708892	97	110	117	620.568
-2.879793	1.310100	1.488307	105	108	102	620.457
1.570796	1.448123	-2.163292	3	99	106	620.449
-0.785398	2.349581	-2.702517	21	90	119	620.400
-1.570796	0.379747	-1.713059	21	100	8	620.331
-0.785398	2.404280	-0.174044	125	103	98	620.286
0.261799	0.674054	1.013609	90	106	125	620.109
-3.141593	1.335669	0.897240	118	109	102	620.068
1.832596	1.872854	1.543456	125	109	89	619.726
2.617994	0.571433	-1.188419	95	119	11	619.690
2.617994	1.545873	-1.877082	95	14	18	619.663
2.356194	1.545873	-1.877082	4	101	110	619.637
-2.879793	2.041297	-2.664597	105	100	120	619.455
1.832596	1.824694	1.850876	0	116	89	619.268
1.047198	1.413347	-1.339188	119	96	103	619.242
2.879793	1.113094	-0.272241	120	105	23	619.221
-0.785398	1.391910	3.030322	4	95	106	619.118
-1.308997	1.599406	1.426070	124	96	103	618.965
-0.523599	0.571433	-1.188419	25	97	118	618.927
-0.261799	2.115563	0.685730	0	99	99	618.742
-1.570796	1.699788	2.452890	6	8	104	618.674
2.356194	2.396274	-1.959260	113	41	9	618.517
-0.523599	2.251330	-2.330739	20	90	125	618.477
1.047198	1.696674	-1.253233	112	98	99	618.434
-2.356194	2.863997	0.549740	124	101	96	618.017
-0.261799	1.214854	-1.966664	107	97	107	618.004
-3.141593	2.041297	-2.664597	82	1	123	617.761
-1.308997	2.063651	-2.044600	112	103	106	617.607
-1.308997	2.863997	0.549740	0	95	106	617.516
1.832596	2.704512	1.488683	120	102	98	617.383
2.094395	1.413430	2.550734	109	108	109	617.231
-1.832596	2.664082	-1.071402	1	101	106	617.220
-1.570796	1.413347	-1.339188	6	104	22	617.200
2.356194	1.909857	-0.381669	126	99	99	617.140
-3.141593	2.588535	-2.976617	97	117	101	617.097
-0.261799	1.812176	0.656819	5	92	113	617.031
-1.570796	1.812176	0.656819	109	102	96	616.851
-2.879793	0.370812	-2.547742	83	117	7	616.837
-0.523599	1.168678	2.108595	97	106	111	616.735
1.308997	1.195355	1.200319	17	93	107	616.717
-0.523599	1.982574	-1.115518	23	101	116	616.692
0.261799	1.310100	1.488307	0	97	97	616.425
-2.356194	1.134497	-1.109631	11	110	36	616.340
0.523599	2.984978	1.954446	102	99	112	616.119
-2.356194	0.906588	1.252948	7	31	11	616.047
1.570796	1.014500	0.906702	20	92	112	615.793
-0.523599	2.063651	-2.044600	16	90	2	615.734
2.617994	1.367556	0.358405	9	108	103	615.710
-0.261799	1.050534	3.042579	124	104	105	615.588
2.879793	0.899350	-2.069907	89	4	7	615.552
-2.094395	0.914445	2.687814	6	3	104	615.545
-0.261799	1.448123	-2.163292	1	93	122	615.516
-2.094395	1.134497	-1.109631	10	110	35	615.451
-3.141593	1.756530	-2.105156	87	4	9	615.326
1.047198	1.168678	2.108595	123	113	96	615.239
0.785398	0.458961	-0.107937	94	9	18	615.177
-1.308997	0.571433	-1.188419	22	112	22	615.114
2.356194	1.510910	-0.740472	5	10	38	615.021
2.879793	1.335669	0.897240	117	117	94	615.018
-1.832596	0.906588	1.252948	3	31	4	614.719
-1.570796	1.325504	-1.671296	5	100	34	614.704
-0.523599	0.864993	2.278281	127	90	111	614.691
2.094395	1.025536	1.576859	112	100	116	614.566
-1.047198	0.685216	-1.712745	2	99	14	614.523
1.308997	0.615174	-0.666022	100	14	20	614.494
-0.785398	1.617114	-1.572037	21	98	105	614.333
1.047198	2.379497	0.561089	1	90	2	614.234
1.047198	2.393226	1.857173	125	98	107	614.012
-0.785398	1.218453	2.777284	2	95	104	613.950
-1.570796	1.128190	-2.288622	9	91	5	613.938
1.047198	2.404280	-0.174044	8	89	110	613.922
0.785398	0.297065	2.160177	16	99	120	613.840
-3.141593	1.413430	2.550734	114	8	93	613.806
-1.832596	1.242974	-2.977882	99	99	109	613.216
0.000000	0.379747	-1.713059	121	99	109	613.013
-2.617994	0.640596	-2.797608	3	122	104	612.742
2.617994	2.108018	1.311430	1	101	102	612.728
-2.356194	1.488617	1.159546	118	111	95	612.651
2.356194	1.504028	0.636812	18	111	22	612.375
0.000000	1.870545	-2.976234	121	120	96	612.188
2.094395	2.153910	-1.714959	3	99	104	612.086
2.879793	2.343981	-1.040456	111	27	11	611.924
2.356194	1.214854	-1.966664	109	26	1	611.844
0.261799	1.824694	1.850876	103	118	100	611.474
2.094395	1.872854	1.543456	0	111	89	611.434
2.094395	2.295480	1.008277	14	93	124	611.178
2.617994	1.617114	-1.572037	105	18	28	611.057
-2.094395	1.736875	3.023612	112	99	105	610.994
2.879793	2.073035	2.027405	122	112	93	610.936
0.000000	2.063651	-2.044600	116	101	100	610.849
0.523599	1.683268	0.374177	123	100	97	610.840
-0.261799	1.736875	3.023612	18	119	99	610.706
0.523599	2.033014	2.977192	119	96	105	610.682
-0.261799	2.164094	-2.991358	101	97	104	610.578
2.094395	2.404280	-0.174044	105	100	98	610.523
2.356194	1.184361	0.625864	22	101	12	610.452
-1.832596	1.869911	2.701025	11	4	101	610.405
-2.094395	2.108018	1.311430	108	99	98	610.368
-3.141593	1.448123	-2.163292	102	103	120	610.271
1.047198	2.478122	2.609777	104	100	108	609.950
0.000000	0.906588	1.252948	89	113	122	609.919
-1.832596	0.866395	-2.492918	107	103	113	609.792
-1.308997	1.510910	-0.740472	125	117	33	609.765
-0.523599	2.637879	2.121598	122	95	104	609.660
-1.308997	0.866955	-0.931351	17	115	26	609.627
-1.832596	2.138223	1.678323	119	98	101	609.430
-1.308997	1.391910	3.030322	120	94	106	609.369
-2.094395	1.310100	1.488307	10	17	100	609.344
2.879793	1.904882	-1.478089	105	21	26	609.303
0.000000	2.073035	2.027405	94	110	114	609.096
-2.617994	0.866955	-0.931351	10	104	121	609.086
-2.094395	0.418037	1.360082	125	38	8	609.000
-2.356194	0.762244	-0.273349	23	109	122	608.837
-0.523599	1.875281	0.107086	108	126	26	608.713
-1.832596	0.961715	0.014085	119	101	108	608.697
-3.141593	0.379747	-1.713059	94	117	1	608.628
1.308997	0.850607	-1.335383	114	93	108	608.609
-1.570796	2.174483	2.653697	127	116	91	608.593
-0.261799	1.872854	1.543456	95	123	101	608.373
-1.570796	0.929350	-2.910676	103	95	113	608.306
1.047198	1.812176	0.656819	2	103	19	608.248
1.047198	0.419640	2.974122	25	108	10	608.123
2.879793	2.587733	0.232235	103	97	101	608.078
-0.523599	2.104282	-0.813972	22	99	119	608.074
-1.047198	1.256302	0.062705	120	98	104	608.020
-0.785398	2.863997	0.549740	99	98	117	607.964
-1.570796	1.194549	-0.801900	6	118	34	607.764
-1.832596	2.073035	2.027405	112	95	103	607.648
-2.617994	1.699788	2.452890	116	122	90	607.499
-0.261799	2.407836	1.410646	96	4	105	607.478
-2.356194	1.014500	0.906702	28	29	125	607.474
-1.047198	1.374601	-2.456031	125	91	1	607.281
-2.356194	1.948085	-2.363031	92	108	117	607.059
-2.356194	1.662363	0.915448	18	22	13	606.992
1.047198	1.417623	-0.202254	127	105	94	606.879
0.261799	1.256302	0.062705	104	2	27	606.823
2.879793	1.696674	-1.253233	108	17	27	606.270
2.617994	1.872854	1.543456	126	107	97	606.185
-2.879793	0.640596	-2.797608	4	121	104	606.081
0.785398	1.450119	-2.739050	22	108	97	605.928
1.047198	1.554776	0.100351	8	89	108	605.867
-2.356194	1.195355	1.200319	12	28	8	605.549
-1.570796	1.869911	2.701025	1	4	102	605.368
-1.570796	1.909857	-0.381669	111	8	31	605.317
-1.832596	1.904882	-1.478089	100	99	117	605.212
0.000000	0.674054	1.013609	85	111	127	605.141
-1.832596	1.569311	-3.003978	111	99	107	605.087
-1.047198	1.413347	-1.339188	9	105	21	605.072
-2.879793	0.685216	-1.712745	95	115	18	605.069
1.047198	1.545873	-1.877082	109	86	117	605.062
2.094395	0.831641	0.616218	26	97	120	605.016
0.523599	2.295480	1.008277	105	96	0	605.010
-2.617994	1.658653	-2.409879	104	103	114	604.764
-2.879793	2.455966	-0.641220	111	22	17	604.742
-2.879793	2.407836	1.410646	21	26	1	604.672
1.047198	1.413430	2.550734	7	117	99	604.533
-1.308997	2.247462	0.191623	123	106	93	604.526
0.261799	0.618092	2.539118	21	98	111	604.396
-2.879793	0.674054	1.013609	28	13	17	604.379
-1.047198	2.979456	-1.009304	110	98	118	604.219
-1.047198	1.977582	0.969896	104	22	12	604.172
-3.141593	0.899350	-2.069907	88	120	9	604.150
-2.617994	2.881233	-2.582574	110	98	115	603.830
-1.308997	2.592629	0.909713	102	18	114	603.773
-1.570796	1.113094	-0.272241	121	97	111	603.766
-1.832596	2.187132	-0.479875	122	99	103	603.750
-2.094395	1.721184	-0.153948	114	103	99	603.583
1.047198	0.571433	-1.188419	124	92	111	603.566
0.000000	1.766067	2.153843	95	111	113	603.514
2.879793	0.496451	0.593859	30	111	17	603.306
0.000000	1.736875	3.023612	17	120	99	603.034
-1.047198	1.045978	0.343692	119	98	103	602.672
-3.141593	0.910508	1.903534	106	99	123	602.574
-1.832596	1.417623	-0.202254	121	97	112	602.547
1.832596	2.174483	2.653697	106	0	93	602.451
1.832596	1.683268	0.374177	25	93	122	602.445
-2.356194	2.760637	2.781135	1	93	102	602.430
-0.261799	2.063651	-2.044600	22	93	3	602.393
1.047198	1.335669	0.897240	9	89	109	602.312
-2.617994	2.979456	-1.009304	3	103	99	602.231
-2.617994	1.836682	-0.676006	120	107	100	602.027
1.047198	1.998705	2.370472	7	125	90	601.879
-1.832596	0.379747	-1.713059	116	93	9	601.823
-1.570796	1.433411	-1.035986	0	113	34	601.786
-2.356194	0.290380	-0.796960	24	103	22	601.781
-2.094395	2.407836	1.410646	112	94	102	601.750
0.523599	1.194549	-0.801900	111	6	39	601.539
1.308997	0.458961	-0.107937	95	123	13	601.318
2.356194	1.242974	-2.977882	115	17	105	601.237
1.570796	1.247695	1.809890	118	106	100	601.043
-1.570796	2.115563	0.685730	111	34	5	601.000
-0.261799	1.846342	-1.796954	116	98	106	600.988
-0.523599	0.685216	-1.712745	17	94	112	600.969
-0.261799	1.391910	3.030322	16	114	100	600.959
-2.879793	0.709924	0.218797	24	106	117	600.932
-2.879793	1.325504	-1.671296	93	127	19	600.927
2.617994	2.984978	1.954446	125	92	1	600.881
1.570796	1.554776	0.100351	106	92	115	600.826
-0.261799	1.335669	0.897240	119	100	95	600.686
-3.141593	0.591903	2.010408	107	99	120	600.653
2.879793	1.617114	-1.572037	102	17	28	600.488
1.308997	2.407836	1.410646	95	100	110	600.355
0.785398	1.113094	-0.272241	126	105	93	600.349
0.000000	2.164094	-2.991358	105	95	104	600.332
-3.141593	1.617114	-1.572037	95	6	18	600.323
1.047198	2.115563	0.685730	0	90	2	600.094
-1.570796	1.050534	3.042579	102	97	107	600.084
-0.261799	0.762244	-0.273349	123	17	32	600.038
1.308997	2.115563	0.685730	6	89	2	599.891
0.523599	2.349581	-2.702517	118	4	95	599.654
-2.879793	1.699788	2.452890	114	0	89	599.325
2.617994	1.045978	0.343692	29	106	20	599.304
0.523599	1.440580	2.260026	125	109	92	599.130
-1.570796	0.866395	-2.492918	109	102	113	598.957
1.047198	1.504028	0.636812	4	89	110	598.727
-0.785398	2.108018	1.311430	125	96	104	598.570
-1.047198	0.992645	-1.723759	10	102	14	598.520
0.523599	1.135834	-1.431087	28	10	24	598.512
-0.261799	1.554776	0.100351	98	9	24	598.286
0.261799	2.349581	-2.702517	120	4	96	598.267
-1.047198	1.658653	-2.409879	117	94	117	598.051
-2.094395	2.174483	2.653697	114	97	103	597.984
-0.523599	1.510910	-0.740472	27	100	124	597.966
-1.047198	1.870545	-2.976234	124	95	103	597.895
2.879793	1.128190	-2.288622	117	110	108	597.801
2.094395	1.574060	2.783565	126	12	96	597.798
2.356194	2.033014	2.977192	105	118	104	597.758
1.832596	2.108018	1.311430	8	97	124	597.758
-2.617994	1.168678	2.108595	6	13	99	597.586
2.094395	0.961715	0.014085	18	93	122	597.539
-2.094395	1.909857	-0.381669	124	99	107	597.463
2.617994	1.846342	-1.796954	108	28	126	597.399
-1.832596	0.370812	-2.547742	98	106	3	597.399
-2.617994	2.073035	2.027405	104	103	99	597.337
1.570796	1.335669	0.897240	19	92	111	597.191
-2.356194	1.325504	-1.671296	5	105	114	596.950
1.308997	2.379497	0.561089	11	91	114	596.775
1.047198	2.979456	-1.009304	35	1	5	596.565
2.879793	1.242974	-2.977882	104	109	111	596.367
2.094395	1.982574	-1.115518	1	95	107	596.332
1.308997	1.014500	0.906702	14	90	112	596.109
2.879793	2.063651	-2.044600	91	16	7	596.071
0.785398	1.869911	2.701025	106	101	108	596.047
0.261799	1.214854	-1.966664	115	95	108	595.711
-0.523599	2.138223	1.678323	100	7	109	595.625
0.261799	0.685216	-1.712745	30	105	115	595.390
-2.617994	1.413347	-1.339188	99	110	17	595.302
-0.523599	1.367556	0.358405	97	15	20	595.095
-2.094395	2.637879	2.121598	124	101	94	594.948
2.356194	1.506530	1.988858	125	122	91	594.915
0.000000	1.433411	-1.035986	32	107	116	594.685
0.261799	2.138223	1.678323	97	4	103	594.455
2.356194	1.846342	-1.796954	112	37	18	594.430
2.617994	1.809167	1.213774	1	102	102	594.279
0.261799	2.478122	2.609777	114	99	99	594.165
0.785398	0.709924	0.218797	94	117	17	594.151
1.570796	1.194549	-0.801900	124	5	40	594.123
2.879793	0.458961	-0.107937	24	100	26	594.046
2.094395	2.760637	2.781135	91	112	117	593.958
2.617994	2.089241	-0.114193	125	101	97	593.858
-0.785398	1.662363	0.915448	121	95	102	593.703
0.261799	2.979456	-1.009304	8	89	110	593.633
2.356194	0.496451	0.593859	27	99	13	593.631
1.570796	2.073035	2.027405	3	106	111	593.598
1.832596	0.290380	-0.796960	93	120	23	593.221
0.523599	1.134497	-1.109631	22	9	24	593.122
-2.617994	2.478122	2.609777	116	104	95	592.998
1.047198	1.488617	1.159546	106	98	3	592.914
-3.141593	2.138223	1.678323	107	105	98	592.677
0.785398	2.041297	-2.664597	120	125	92	592.642
-0.785398	2.089241	-0.114193	124	96	104	592.582
0.261799	2.396274	-1.959260	125	92	112	592.438
1.047198	1.599406	1.426070	12	96	121	592.328
1.308997	0.496451	0.593859	15	119	98	592.209
0.785398	2.174483	2.653697	104	102	108	592.144
2.617994	1.134497	-1.109631	103	4	22	592.105
-2.617994	0.496451	0.593859	116	107	110	592.081
-1.047198	0.899350	-2.069907	11	100	5	592.080
-1.308997	0.685216	-1.712745	19	101	27	591.652
2.356194	1.824694	1.850876	125	115	92	591.553
1.570796	1.872854	1.543456	106	100	102	591.545
1.832596	1.836682	-0.676006	124	99	99	591.535
-1.570796	1.977582	0.969896	118	103	94	591.535
-2.617994	1.301460	-0.509251	9	3	38	591.013
-2.356194	1.194549	-0.801900	12	115	34	590.777
-1.832596	1.448123	-2.163292	107	98	120	590.703
-1.308997	1.301460	-0.509251	2	122	32	590.688
0.000000	1.135834	-1.431087	31	106	113	590.577
-1.047198	2.247462	0.191623	122	97	103	590.496
-2.094395	2.724429	-0.348782	126	101	100	590.479
-1.308997	1.696674	-1.253233	124	106	33	590.457
2.094395	2.108018	1.311430	125	105	91	590.407
-1.308997	0.080730	-2.622036	109	114	107	590.357
-0.261799	1.766067	2.153843	95	117	112	590.294
-1.832596	1.736875	3.023612	114	98	104	590.215
-3.141593	0.961715	0.014085	27	112	25	590.013
-1.832596	0.615174	-0.666022	21	114	23	589.895
2.094395	2.349581	-2.702517	107	41	124	589.840
-1.047198	1.391910	3.030322	113	91	104	589.820
-2.356194	2.455966	-0.641220	114	103	96	589.759
-0.785398	1.134796	2.434290	125	98	100	589.612
2.879793	1.134796	2.434290	121	14	96	589.549
-1.570796	1.301460	-0.509251	1	123	32	589.367
-0.261799	0.700570	1.559208	110	93	107	589.348
0.261799	2.033014	2.977192	17	2	96	589.328
0.785398	2.393226	1.857173	3	101	104	589.256
0.523599	1.809167	1.213774	124	101	95	589.233
2.879793	1.417623	-0.202254	8	126	33	589.202
1.047198	0.615174	-0.666022	122	97	100	589.165
-2.356194	0.080730	-2.622036	90	103	5	589.146
-0.523599	1.440580	2.260026	1	93	105	588.826
1.832596	1.555207	1.708892	114	104	100	588.664
0.785398	0.419640	2.974122	21	103	10	588.554
2.879793	0.203748	0.590255	30	109	17	588.539
-0.523599	2.041297	-2.664597	99	100	104	588.537
2.879793	2.404280	-0.174044	1	95	104	588.387
-0.261799	1.870545	-2.976234	102	98	107	588.344
-0.523599	1.325504	-1.671296	22	98	106	588.326
-2.879793	2.295480	1.008277	38	6	127	588.325
2.094395	1.741644	-2.695914	127	23	109	588.312
-0.523599	2.984978	1.954446	105	21	120	588.297
-2.879793	1.448123	-2.163292	101	104	117	588.268
-0.785398	1.606104	-0.451151	110	123	35	588.207
1.047198	1.875281	0.107086	3	91	106	588.148
-1.832596	1.766067	2.153843	120	124	87	588.108
-2.094395	2.393226	1.857173	121	95	109	588.102
-1.047198	2.719179	-1.780644	109	111	95	588.039
-1.308997	1.135834	-1.431087	12	104	26	588.030
0.523599	2.724429	-0.348782	13	93	122	587.990
-0.261799	0.571433	-1.188419	29	102	120	587.758
-2.356194	1.599406	1.426070	119	103	101	587.705
-1.308997	1.448123	-2.163292	117	93	127	587.684
2.356194	2.719179	-1.780644	111	31	10	587.184
-1.832596	1.168678	2.108595	93	104	103	587.141
2.879793	1.870545	-2.976234	103	105	114	586.975
0.523599	2.164094	-2.991358	116	94	104	586.809
-3.141593	1.606104	-0.451151	127	4	33	586.780
-0.785398	0.591903	2.010408	111	91	111	586.773
-1.308997	1.025536	1.576859	103	104	99	586.682
0.261799	2.001437	0.381215	11	95	111	586.625
2.617994	2.881233	-2.582574	88	11	117	586.453
0.000000	2.356369	3.005869	105	97	102	586.351
1.047198	0.961715	0.014085	1	101	99	586.337
1.832596	1.982574	-1.115518	2	92	111	586.234
1.308997	1.135834	-1.431087	109	93	108	586.189
-1.832596	2.881233	-2.582574	115	115	95	586.090
2.356194	0.618092	2.539118	126	127	100	585.825
0.523599	0.419640	2.974122	35	108	1	585.758
-3.141593	1.741644	-2.695914	104	105	112	585.622
-2.879793	1.194549	-0.801900	10	106	123	585.577
-1.308997	2.455966	-0.641220	102	99	1	585.523
2.879793	1.325504	-1.671296	95	5	19	585.409
1.308997	2.174483	2.653697	9	96	117	585.312
-2.094395	1.242974	-2.977882	123	113	104	585.312
-0.523599	1.113094	-0.272241	120	101	100	585.215
-1.570796	0.685216	-1.712745	18	100	15	585.164
2.356194	1.606104	-0.451151	118	94	125	584.990
-1.308997	1.606104	-0.451151	113	5	35	584.913
-1.570796	0.850607	-1.335383	16	106	31	584.747
2.879793	1.766067	2.153843	119	117	93	584.651
2.356194	2.180315	-1.357379	9	97	110	584.633
-0.261799	1.504028	0.636812	98	124	17	584.520
1.047198	1.440580	2.260026	126	116	92	584.359
2.094395	2.001437	0.381215	26	121	18	584.140
-2.094395	1.135834	-1.431087	6	104	32	584.054
-1.832596	1.391910	3.030322	2	125	102	583.998
1.832596	0.379747	-1.713059	121	91	114	583.984
1.570796	2.984978	1.954446	3	100	110	583.951
-0.785398	2.104282	-0.813972	118	103	26	583.936
-2.617994	1.413430	2.550734	121	17	105	583.805
1.570796	2.115563	0.685730	13	90	110	583.766
1.832596	0.418037	1.360082	37	109	126	583.703
-1.047198	1.433411	-1.035986	92	101	107	583.701
1.832596	1.554776	0.100351	16	107	29	583.630
-1.570796	0.992645	-1.723759	11	98	29	583.533
2.879793	1.448123	-2.163292	99	106	120	583.530
1.047198	1.756530	-2.105156	33	11	127	583.445
2.879793	2.153910	-1.714959	101	25	19	583.077
-2.879793	2.979456	-1.009304	3	95	108	583.070
-1.570796	2.343981	-1.040456	100	108	14	583.023
2.094395	2.588535	-2.976617	123	98	105	583.016
-2.617994	1.195355	1.200319	8	102	7	582.869
-1.047198	1.134796	2.434290	120	99	100	582.864
-0.523599	1.599406	1.426070	106	23	4	582.828
-1.047198	1.335669	0.897240	117	103	94	582.680
2.356194	2.984978	1.954446	111	104	100	582.588
-0.785398	2.295480	1.008277	102	18	8	582.559
-2.879793	2.153910	-1.714959	91	120	7	582.531
-3.141593	1.247695	1.809890	127	15	91	582.434
1.570796	2.349581	-2.702517	2	98	105	582.078
2.356194	0.418037	1.360082	37	120	126	582.069
-3.141593	1.310100	1.488307	107	116	98	582.013
1.308997	1.417623	-0.202254	0	94	108	581.945
-2.617994	2.295480	1.008277	123	95	106	581.938
2.617994	0.496451	0.593859	30	106	18	581.891
-1.832596	1.606104	-0.451151	121	7	35	581.885
2.879793	1.982574	-1.115518	14	101	108	581.398
1.832596	1.741644	-2.695914	10	103	103	581.374
2.617994	2.404280	-0.174044	126	98	100	581.305
2.094395	1.696674	-1.253233	3	95	109	581.238
-1.832596	1.846342	-1.796954	100	97	5	581.201
-1.832596	2.343981	-1.040456	98	99	124	581.085
-0.261799	1.998705	2.370472	119	20	110	581.062
2.617994	2.001437	0.381215	110	104	93	580.819
2.094395	1.662363	0.915448	18	99	7	580.645
0.000000	2.984978	1.954446	102	15	115	580.596
-1.308997	1.977582	0.969896	96	17	125	580.469
0.523599	2.251330	-2.330739	124	3	95	580.261
2.094395	1.510910	-0.740472	4	100	100	580.235
0.261799	2.247462	0.191623	117	94	8	580.117
2.356194	2.588535	-2.976617	100	120	109	580.063
0.000000	2.587733	0.232235	5	101	105	579.969
-2.094395	0.960688	-0.577532	15	114	27	579.853
-2.094395	1.488617	1.159546	8	30	6	579.797
-0.785398	2.704512	1.488683	105	15	111	579.656
-1.832596	0.831641	0.616218	4	41	8	579.523
-0.261799	2.108018	1.311430	92	126	104	579.494
-1.570796	1.135813	-2.658866	112	91	118	579.402
-0.261799	0.960688	-0.577532	0	15	36	579.355
-2.879793	2.379497	0.561089	124	98	101	579.258
0.000000	1.662363	0.915448	116	103	93	579.131
-0.785398	1.440580	2.260026	127	95	102	579.055
0.261799	2.295480	1.008277	125	102	100	579.028
0.785398	2.343981	-1.040456	33	125	13	578.985
0.261799	0.496451	0.593859	95	10	7	578.856
1.047198	0.733948	3.021411	23	98	113	578.633
-2.356194	1.335669	0.897240	22	18	15	578.445
-0.785398	0.458961	-0.107937	113	100	105	578.384
-2.356194	1.809167	1.213774	32	18	118	578.369
-2.356194	1.982574	-1.115518	89	105	123	578.319
1.047198	0.297065	2.160177	35	105	0	578.283
2.617994	1.184361	0.625864	26	105	11	578.279
2.879793	2.396274	-1.959260	93	18	2	578.191
-0.261799	2.478122	2.609777	2	106	94	578.071
2.356194	1.391910	3.030322	121	17	102	577.957
0.785398	0.831641	0.616218	11	115	94	577.804
-0.261799	1.617114	-1.572037	30	105	108	577.734
2.094395	1.504028	0.636812	26	96	8	577.667
1.832596	2.404280	-0.174044	102	103	97	577.444
0.523599	1.869911	2.701025	122	96	109	577.410
-2.356194	1.836682	-0.676006	122	107	99	577.376
0.523599	2.108018	1.311430	102	100	123	577.338
2.094395	2.979456	-1.009304	120	100	98	577.332
-1.047198	2.251330	-2.330739	6	87	120	577.320
0.523599	0.685216	-1.712745	122	97	106	577.229
0.000000	2.001437	0.381215	6	95	109	577.148
-0.785398	1.812176	0.656819	106	16	18	577.129
-1.570796	1.836682	-0.676006	119	103	99	577.120
-1.308997	1.812176	0.656819	106	19	17	577.094
2.617994	2.041297	-2.664597	90	12	123	577.091
0.523599	1.696674	-1.253233	29	3	21	576.991
-1.832596	2.455966	-0.641220	125	104	97	576.902
-1.308997	1.195355	1.200319	113	97	99	576.834
-2.094395	2.587733	0.232235	118	31	13	576.727
-1.308997	1.617114	-1.572037	9	101	18	576.712
-1.832596	2.299159	2.264663	118	92	111	576.602
2.617994	2.063651	-2.044600	96	20	9	576.547
0.000000	2.295480	1.008277	87	124	108	576.401
2.094395	1.824694	1.850876	116	99	118	576.331
1.047198	1.569311	-3.003978	117	104	99	576.281
-2.617994	1.325504	-1.671296	94	107	18	576.266
-0.261799	1.195355	1.200319	93	9	120	576.238
-0.261799	1.301460	-0.509251	123	94	105	576.031
0.261799	2.724429	-0.348782	125	90	11	575.875
2.094395	1.135834	-1.431087	107	23	22	575.758
-2.094395	1.325504	-1.671296	7	103	114	575.661
-3.141593	2.247462	0.191623	127	101	97	575.661
-1.570796	1.809167	1.213774	114	99	97	575.639
1.570796	1.998705	2.370472	2	0	89	575.606
1.832596	2.592629	0.909713	6	90	127	575.594
1.832596	2.104282	-0.813972	116	95	101	575.590
-0.261799	1.606104	-0.451151	25	103	16	575.534
-0.785398	1.909857	-0.381669	124	97	101	575.461
0.523599	2.180315	-1.357379	34	126	15	575.270
0.785398	2.115563	0.685730	124	92	2	574.969
-0.261799	1.696674	-1.253233	30	104	113	574.890
2.356194	2.041297	-2.664597	94	16	124	574.755
-1.308997	1.554776	0.100351	117	100	101	574.676
-0.785398	2.592629	0.909713	99	22	1	574.211
1.832596	0.960688	-0.577532	122	127	37	574.080
1.570796	0.866395	-2.492918	11	33	3	574.031
2.356194	1.050534	3.042579	119	18	103	573.823
-1.570796	2.073035	2.027405	116	95	103	573.531
0.261799	2.984978	1.954446	98	104	111	573.476
1.570796	1.510910	-0.740472	122	94	104	573.395
0.785398	1.683268	0.374177	2	93	101	573.367
-2.094395	2.299159	2.264663	17	8	106	573.295
-0.261799	2.356369	3.005869	101	99	102	572.958
-0.785398	1.488617	1.159546	118	101	96	572.861
-0.785398	0.992645	-1.723759	11	95	106	572.803
1.832596	1.367556	0.358405	2	106	98	572.777
-0.785398	0.866955	-0.931351	24	96	120	572.630
0.261799	1.014500	0.906702	88	109	125	572.494
-2.094395	0.674054	1.013609	4	41	4	572.453
-2.617994	1.440580	2.260026	114	5	89	572.423
0.000000	2.153910	-1.714959	114	98	101	572.252
-2.094395	1.756530	-2.105156	100	114	106	572.221
2.356194	2.455966	-0.641220	115	94	102	572.215
-0.261799	2.001437	0.381215	2	96	106	572.164
-0.785398	2.881233	-2.582574	36	116	124	571.780
0.261799	2.863997	0.549740	103	104	6	571.755
2.879793	0.297065	2.160177	126	2	101	571.746
-1.308997	2.138223	1.678323	121	93	105	571.652
-0.523599	0.370812	-2.547742	26	101	3	571.626
-0.261799	1.569311	-3.003978	100	93	115	571.508
-0.261799	1.599406	1.426070	105	21	4	571.445
2.094395	0.203748	0.590255	13	95	6	571.402
-0.523599	1.504028	0.636812	97	14	13	571.326
-1.832596	1.875281	0.107086	103	13	19	571.301
0.785398	0.850607	-1.335383	4	27	29	571.215
-0.785398	1.554776	0.100351	98	20	23	571.177
0.000000	0.831641	0.616218	91	9	9	571.026
1.308997	1.050534	3.042579	4	2	102	570.983
0.523599	2.073035	2.027405	120	91	112	570.850
-2.879793	1.658653	-2.409879	104	100	120	570.836
-0.261799	1.256302	0.062705	99	11	26	570.759
-0.785398	0.866395	-2.492918	13	95	2	570.555
1.570796	0.290380	-0.796960	86	117	13	570.506
-0.523599	1.310100	1.488307	117	93	103	570.395
-1.047198	1.721184	-0.153948	115	100	99	570.384
-2.617994	0.290380	-0.796960	24	100	28	570.367
-2.879793	1.413347	-1.339188	99	112	16	570.352
-2.617994	0.674054	1.013609	107	102	113	570.228
2.879793	2.588535	-2.976617	100	116	107	570.148
-0.261799	1.904882	-1.478089	31	108	112	570.142
0.523599	1.606104	-0.451151	103	99	100	570.131
-2.094395	2.153910	-1.714959	100	100	114	570.058
-1.570796	1.448123	-2.163292	113	93	126	569.962
1.047198	1.683268	0.374177	104	90	111	569.865
0.523599	1.875281	0.107086	122	94	104	569.797
-1.308997	1.440580	2.260026	119	102	97	569.626
-0.785398	2.719179	-1.780644	113	110	95	569.541
-1.570796	2.138223	1.678323	121	98	101	569.477
1.832596	0.961715	0.014085	116	92	114	569.234
0.785398	0.866955	-0.931351	126	90	113	569.141
-2.879793	1.184361	0.625864	33	9	14	569.089
0.523599	1.599406	1.426070	100	101	125	569.089
1.308997	2.089241	-0.114193	22	115	21	569.086
0.523599	1.574060	2.783565	123	99	110	569.001
-2.356194	1.025536	1.576859	116	109	101	568.970
-0.261799	1.310100	1.488307	91	119	116	568.969
-3.141593	0.906588	1.252948	30	116	112	568.918
1.047198	2.455966	-0.641220	19	89	12	568.758
-1.832596	1.809167	1.213774	110	100	97	568.757
1.832596	2.343981	-1.040456	125	97	102	568.699
-2.356194	2.073035	2.027405	104	97	102	568.619
-1.570796	2.153910	-1.714959	109	98	23	568.605
-2.094395	0.762244	-0.273349	109	100	115	568.528
2.094395	1.756530	-2.105156	112	39	13	568.467
1.308997	2.719179	-1.780644	125	93	109	568.227
2.356194	1.812176	0.656819	1	102	102	568.180
2.356194	1.732874	-0.951685	5	16	37	568.130
-0.785398	1.982574	-1.115518	124	100	29	567.958
2.356194	1.555207	1.708892	0	116	91	567.908
-0.523599	1.450119	-2.739050	116	103	109	567.870
-1.570796	1.134796	2.434290	125	91	119	567.852
1.047198	2.881233	-2.582574	103	94	107	567.688
-0.523599	2.455966	-0.641220	115	97	11	567.555
0.000000	1.809167	1.213774	90	117	106	567.498
-3.141593	0.960688	-0.577532	21	107	32	567.439
-0.261799	1.417623	-0.202254	102	10	30	567.304
1.570796	1.721184	-0.153948	8	93	111	567.242
-3.141593	1.982574	-1.115518	126	104	102	567.225
1.570796	2.187132	-0.479875	107	98	99	567.135
-2.094395	0.866395	-2.492918	101	107	113	567.104
-2.094395	0.709924	0.218797	118	105	108	567.003
-1.570796	2.033014	2.977192	122	111	95	566.764
1.570796	2.041297	-2.664597	127	93	114	566.758
-1.832596	0.910508	1.903534	90	107	106	566.721
-2.356194	1.869911	2.701025	115	113	92	566.544
2.094395	2.396274	-1.959260	1	105	96	566.440
0.261799	1.488617	1.159546	101	102	6	566.411
2.094395	2.356369	3.005869	101	119	106	566.334
2.094395	1.417623	-0.202254	115	92	120	566.244
-1.832596	1.683268	0.374177	107	16	22	566.227
1.832596	0.685216	-1.712745	120	91	114	565.891
1.308997	1.506530	1.988858	114	104	104	565.800
-1.570796	1.184361	0.625864	112	99	97	565.771
1.308997	1.504028	0.636812	15	87	114	565.758
-1.308997	1.736875	3.023612	1	125	101	565.657
-2.879793	0.379747	-1.713059	96	109	6	565.650
-1.832596	2.719179	-1.780644	109	97	116	565.615
-2.356194	0.961715	0.014085	116	111	104	565.596
-1.570796	0.419640	2.974122	89	104	0	565.569
-1.570796	2.478122	2.609777	28	116	100	565.535
1.832596	2.881233	-2.582574	116	97	100	565.514
1.570796	2.299159	2.264663	123	124	91	565.478
1.570796	1.045978	0.343692	11	92	117	565.461
2.879793	1.247695	1.809890	28	2	108	565.333
2.617994	1.433411	-1.035986	110	3	33	565.215
1.047198	0.929350	-2.910676	28	103	106	565.151
-1.308997	2.478122	2.609777	30	119	100	565.098
0.261799	1.504028	0.636812	87	114	8	565.062
-1.832596	2.108018	1.311430	101	91	108	565.039
-0.785398	1.809167	1.213774	124	97	102	564.895
1.570796	1.599406	1.426070	112	98	121	564.824
-1.832596	2.164094	-2.991358	110	91	113	564.805
-2.617994	1.574060	2.783565	112	124	94	564.719
-2.879793	2.108018	1.311430	117	105	97	564.662
2.617994	2.588535	-2.976617	99	117	109	564.641
-3.141593	1.736875	3.023612	113	120	100	564.584
-0.523599	1.247695	1.809890	126	94	103	564.551
1.832596	1.545873	-1.877082	3	105	100	564.454
-0.261799	1.128190	-2.288622	0	94	127	564.406
0.000000	1.413430	2.550734	113	113	101	564.405
2.617994	1.948085	-2.363031	92	13	0	564.278
2.356194	2.407836	1.410646	23	104	110	564.153
1.308997	0.961715	0.014085	2	104	97	564.037
-1.832596	1.195355	1.200319	125	36	0	563.992
2.356194	0.709924	0.218797	22	98	23	563.980
2.094395	0.571433	-1.188419	92	123	19	563.878
2.879793	0.992645	-1.723759	93	124	13	563.666
2.094395	1.948085	-2.363031	111	41	6	563.624
1.832596	2.115563	0.685730	105	108	96	563.612
2.617994	2.456751	-1.503343	110	28	14	563.607
-2.094395	2.719179	-1.780644	105	98	117	563.539
0.785398	0.899350	-2.069907	32	10	2	563.323
-1.570796	1.998705	2.370472	125	121	88	562.873
-2.094395	1.214854	-1.966664	5	103	106	562.836
-2.879793	1.545873	-1.877082	91	110	10	562.805
2.879793	2.164094	-2.991358	95	123	103	562.762
0.000000	1.195355	1.200319	89	116	120	562.650
-1.047198	1.875281	0.107086	124	95	106	562.453
0.523599	1.450119	-2.739050	125	93	115	562.215
1.308997	1.374601	-2.456031	19	31	1	562.078
2.617994	1.325504	-1.671296	96	7	22	562.076
-1.570796	1.391910	3.030322	103	94	104	562.062
-2.094395	1.982574	-1.115518	93	102	123	562.010
-1.832596	2.456751	-1.503343	104	98	118	561.984
0.523599	1.256302	0.062705	98	126	24	561.917
-1.832596	1.135813	-2.658866	105	97	114	561.812
-0.523599	1.606104	-0.451151	122	96	102	561.734
1.570796	0.618092	2.539118	1	121	104	561.722
-0.523599	1.195355	1.200319	92	15	120	561.468
2.094395	2.579248	-2.364801	6	110	95	561.449
-0.261799	0.458961	-0.107937	123	29	17	561.344
-2.094395	2.664082	-1.071402	3	104	99	561.326
-2.879793	1.417623	-0.202254	105	114	96	561.126
0.785398	0.762244	-0.273349	91	124	22	560.764
1.832596	0.929350	-2.910676	120	9	102	560.540
2.094395	0.615174	-0.666022	97	119	15	560.527
-0.523599	2.724429	-0.348782	109	96	121	560.484
-1.308997	2.343981	-1.040456	120	107	24	560.450
2.356194	1.168678	2.108595	118	112	102	560.438
-0.261799	2.592629	0.909713	89	117	114	560.384
2.356194	0.899350	-2.069907	101	28	10	560.225
2.094395	1.977582	0.969896	27	101	111	560.121
-0.261799	2.379497	0.561089	101	28	117	560.076
-0.523599	1.732874	-0.951685	26	99	117	559.935
0.523599	1.824694	1.850876	101	103	115	559.933
-3.141593	2.073035	2.027405	99	107	100	559.827
-1.570796	1.904882	-1.478089	117	104	31	559.747
-2.094395	0.831641	0.616218	101	104	98	559.746
1.832596	1.736875	3.023612	5	13	98	559.690
-1.308997	1.218453	2.777284	121	99	100	559.540
-3.141593	1.301460	-0.509251	13	125	38	559.332
2.879793	1.450119	-2.739050	85	6	0	559.286
-1.570796	0.674054	1.013609	120	36	8	559.281
-0.785398	1.872854	1.543456	97	7	112	559.241
2.879793	1.367556	0.358405	11	108	103	559.183
0.000000	1.256302	0.062705	110	96	100	559.033
-3.141593	0.866395	-2.492918	82	126	8	558.903
1.308997	2.587733	0.232235	5	92	104	558.801
-2.617994	0.850607	-1.335383	5	105	116	558.502
-0.261799	0.379747	-1.713059	22	95	117	558.366
1.047198	2.637879	2.121598	111	95	114	558.303
1.308997	2.881233	-2.582574	116	32	1	557.875
-3.141593	0.700570	1.559208	104	101	119	557.724
-2.094395	1.218453	2.777284	9	1	101	557.712
2.879793	2.456751	-1.503343	110	40	10	557.598
-1.308997	1.555207	1.708892	125	92	109	557.344
1.570796	1.696674	-1.253233	106	96	105	557.273
-0.785398	2.984978	1.954446	118	98	99	557.236
-0.523599	1.904882	-1.478089	10	96	11	557.211
-1.832596	1.440580	2.260026	97	100	102	557.193
-0.785398	2.587733	0.232235	117	96	101	557.174
1.832596	0.850607	-1.335383	127	94	109	557.092
-0.261799	1.574060	2.783565	109	99	110	557.029
2.879793	1.683268	0.374177	9	104	105	556.969
1.047198	1.367556	0.358405	107	88	114	556.918
0.261799	2.592629	0.909713	117	95	105	556.840
1.047198	1.606104	-0.451151	112	95	100	556.834
-0.261799	1.440580	2.260026	93	108	118	556.722
2.879793	0.929350	-2.910676	104	110	110	556.669
-2.617994	1.247695	1.809890	120	13	91	556.668
1.308997	1.766067	2.153843	126	120	88	556.634
-1.047198	2.041297	-2.664597	14	88	123	556.609
1.832596	2.041297	-2.664597	6	101	104	556.582
-2.879793	1.113094	-0.272241	14	111	26	556.558
2.094395	1.256302	0.062705	20	94	122	555.703
0.785398	1.904882	-1.478089	33	7	5	555.699
0.785398	2.760637	2.781135	111	32	125	555.578
1.570796	2.478122	2.609777	95	117	112	555.344
1.308997	0.379747	-1.713059	15	21	20	555.297
0.785398	1.135813	-2.658866	26	105	102	555.274
2.094395	1.736875	3.023612	0	13	98	555.055
0.261799	0.850607	-1.335383	33	110	116	554.979
0.000000	1.310100	1.488307	93	115	124	554.863
-2.617994	2.455966	-0.641220	104	27	116	554.832
-1.047198	1.606104	-0.451151	111	0	35	554.819
1.832596	2.379497	0.561089	23	101	8	554.720
0.523599	2.356369	3.005869	117	99	99	554.710
-2.879793	0.850607	-1.335383	5	104	116	554.706
-1.570796	0.370812	-2.547742	5	91	127	554.666
0.261799	1.218453	2.777284	111	99	113	554.606
2.356194	1.696674	-1.253233	9	103	102	554.522
-0.785398	1.732874	-0.951685	16	97	117	554.477
1.047198	1.506530	1.988858	122	112	90	554.361
-1.308997	2.407836	1.410646	114	89	108	554.219
1.047198	1.301460	-0.509251	126	99	99	554.168
1.570796	2.063651	-2.044600	127	101	101	554.068
1.832596	2.984978	1.954446	110	97	117	553.973
-2.617994	2.108018	1.311430	104	100	99	553.934
2.356194	1.809167	1.213774	1	99	103	553.856
2.617994	1.135834	-1.431087	105	19	21	553.844
-0.785398	2.187132	-0.479875	111	109	23	553.828
-3.141593	1.904882	-1.478089	97	8	10	553.725
-2.356194	0.419640	2.974122	109	104	107	553.658
-0.261799	1.741644	-2.695914	105	99	107	553.650
-1.832596	1.555207	1.708892	126	92	112	553.621
2.879793	2.579248	-2.364801	88	10	121	553.579
1.570796	2.724429	-0.348782	96	101	103	553.553
1.570796	1.756530	-2.105156	3	97	108	553.523
1.832596	1.617114	-1.572037	122	97	104	553.469
-0.523599	1.872854	1.543456	96	4	112	553.465
0.000000	2.033014	2.977192	16	125	96	553.398
-3.141593	1.050534	3.042579	107	109	108	553.362
0.785398	2.164094	-2.991358	121	94	104	553.336
1.047198	1.433411	-1.035986	12	14	28	553.305
-1.570796	2.587733	0.232235	95	11	6	553.297
1.570796	0.914445	2.687814	125	123	101	553.134
1.308997	1.413347	-1.339188	121	96	103	553.102
1.832596	2.089241	-0.114193	25	122	24	552.981
0.523599	2.456751	-1.503343	40	121	9	552.562
0.261799	1.510910	-0.740472	10	5	30	552.522
-0.785398	1.683268	0.374177	99	20	18	552.517
2.617994	0.992645	-1.723759	92	3	24	552.468
-2.356194	1.391910	3.030322	91	107	104	552.454
1.308997	2.349581	-2.702517	117	33	124	552.312
-1.308997	1.683268	0.374177	103	30	15	552.295
-1.570796	0.960688	-0.577532	116	96	116	552.277
1.047198	1.134497	-1.109631	108	97	102	552.238
0.000000	1.683268	0.374177	8	93	114	552.141
-1.570796	1.413430	2.550734	3	6	103	552.128
-1.047198	1.809167	1.213774	94	12	122	552.094
0.000000	0.203748	0.590255	96	16	3	552.070
-2.356194	0.866395	-2.492918	127	117	105	551.980
-2.879793	1.510910	-0.740472	8	1	40	551.921
-2.879793	2.724429	-0.348782	118	30	12	551.891
-2.094395	1.545873	-1.877082	98	120	102	551.858
2.617994	1.413347	-1.339188	106	12	29	551.829
2.356194	1.948085	-2.363031	105	40	7	551.703
-3.141593	1.214854	-1.966664	100	106	118	551.658
1.047198	2.299159	2.264663	109	95	114	551.562
0.785398	2.404280	-0.174044	2	87	15	551.484
1.308997	1.736875	3.023612	116	95	113	551.406
-2.356194	1.374601	-2.456031	99	108	113	551.396
1.047198	2.001437	0.381215	1	96	99	551.379
-1.047198	1.662363	0.915448	108	23	15	551.344
-2.094395	1.846342	-1.796954	94	108	127	551.306
0.000000	2.592629	0.909713	105	95	122	551.170
-2.356194	1.134796	2.434290	121	108	99	551.088
-2.356194	0.370812	-2.547742	89	107	7	551.053
1.308997	1.824694	1.850876	102	105	106	550.988
-3.141593	1.025536	1.576859	104	100	122	550.821
1.570796	1.135834	-1.431087	0	96	107	550.805
-0.261799	1.367556	0.358405	114	97	99	550.781
-2.617994	2.063651	-2.044600	90	123	118	550.693
2.879793	1.909857	-0.381669	10	20	29	550.645
-1.832596	1.977582	0.969896	104	95	102	550.477
2.356194	2.251330	-2.330739	106	41	2	550.396
-2.879793	2.343981	-1.040456	120	33	28	550.376
-3.141593	1.510910	-0.740472	10	127	40	550.325
-0.785398	2.001437	0.381215	98	20	15	550.170
-2.356194	1.977582	0.969896	10	27	10	549.969
2.356194	0.571433	-1.188419	93	120	20	549.831
0.785398	1.413430	2.550734	127	93	123	549.781
-1.832596	0.762244	-0.273349	117	104	108	549.623
-3.141593	1.135813	-2.658866	111	25	120	549.594
-2.617994	1.555207	1.708892	104	100	105	549.391
2.617994	1.413430	2.550734	113	109	108	549.377
-2.617994	2.033014	2.977192	105	111	97	549.370
0.000000	1.134497	-1.109631	32	107	117	549.357
-1.047198	2.001437	0.381215	96	115	18	549.302
1.047198	2.760637	2.781135	100	104	108	549.033
0.523599	2.587733	0.232235	124	94	114	549.031
-1.047198	2.349581	-2.702517	15	88	116	548.973
1.308997	1.869911	2.701025	9	3	94	548.947
-2.094395	1.045978	0.343692	116	104	106	548.837
0.000000	0.929350	-2.910676	125	93	20	548.656
1.308997	0.571433	-1.188419	119	93	108	548.619
1.832596	2.247462	0.191623	30	103	13	548.570
1.832596	2.863997	0.549740	25	96	114	548.545
1.308997	1.545873	-1.877082	125	97	106	548.453
-0.785398	1.574060	2.783565	121	95	98	548.360
-1.570796	0.906588	1.252948	118	33	3	548.281
2.617994	1.875281	0.107086	121	104	94	548.265
1.832596	2.295480	1.008277	9	92	124	548.231
-0.261799	2.073035	2.027405	93	116	114	548.201
-0.523599	2.592629	0.909713	95	18	2	548.135
1.047198	2.041297	-2.664597	125	96	104	548.119
0.523599	0.899350	-2.069907	31	9	126	548.052
0.523599	1.554776	0.100351	123	92	108	548.031
-1.570796	1.554776	0.100351	120	113	90	547.956
1.832596	0.864993	2.278281	0	115	106	547.892
2.617994	1.134796	2.434290	118	109	108	547.860
-1.832596	1.617114	-1.572037	97	102	116	547.818
1.570796	2.174483	2.653697	110	2	93	547.747
0.000000	1.606104	-0.451151	27	108	20	547.657
2.617994	0.866955	-0.931351	107	127	28	547.647
2.356194	1.836682	-0.676006	4	13	33	547.602
0.261799	1.872854	1.543456	95	120	105	547.536
1.308997	2.456751	-1.503343	125	96	104	547.492
-1.832596	1.909857	-0.381669	115	11	31	547.479
-1.570796	1.732874	-0.951685	122	115	33	547.442
2.356194	1.134796	2.434290	114	109	108	547.374
1.832596	2.001437	0.381215	23	92	117	547.367
-2.617994	0.203748	0.590255	22	95	127	547.198
1.832596	1.506530	1.988858	126	111	99	547.152
-1.832596	1.413347	-1.339188	2	107	33	546.990
2.094395	1.846342	-1.796954	6	101	105	546.866
0.261799	1.335669	0.897240	0	102	94	546.788
-3.141593	1.195355	1.200319	111	114	100	546.782
1.308997	1.683268	0.374177	12	87	12	546.781
-1.047198	1.741644	-2.695914	120	94	110	546.683
-1.570796	0.910508	1.903534	120	92	109	546.635
-1.308997	1.574060	2.783565	124	2	101	546.621
0.261799	1.450119	-2.739050	120	93	115	546.488
1.308997	2.033014	2.977192	5	97	111	546.391
2.879793	0.619654	-2.216909	84	124	11	546.245
1.047198	0.685216	-1.712745	105	99	107	545.823
-2.356194	2.478122	2.609777	117	96	105	545.805
2.094395	0.290380	-0.796960	93	115	16	545.716
-3.141593	0.418037	1.360082	102	103	114	545.715
-0.523599	0.906588	1.252948	91	12	124	545.498
2.617994	1.683268	0.374177	38	117	15	545.242
-2.356194	0.910508	1.903534	123	119	96	545.166
-2.094395	1.869911	2.701025	117	111	92	544.959
-1.047198	1.506530	1.988858	99	125	99	544.940
0.261799	1.569311	-3.003978	119	94	113	544.891
1.047198	1.870545	-2.976234	17	11	102	544.842
-0.261799	1.025536	1.576859	91	112	116	544.821
1.570796	2.404280	-0.174044	100	104	98	544.605
-2.879793	0.080730	-2.622036	83	117	7	544.578
-2.094395	1.391910	3.030322	94	101	104	544.554
-1.832596	2.984978	1.954446	27	15	123	544.523
1.570796	2.356369	3.005869	9	96	113	544.445
-1.308997	1.909857	-0.381669	110	5	31	544.430
-0.523599	1.836682	-0.676006	111	95	102	544.301
2.094395	2.104282	-0.813972	121	95	101	544.070
0.785398	1.134497	-1.109631	20	12	24	544.004
0.261799	1.195355	1.200319	106	95	101	543.912
0.785398	1.617114	-1.572037	33	8	4	543.877
0.785398	1.870545	-2.976234	20	7	102	543.852
1.308997	0.866955	-0.931351	120	96	102	543.848
-2.879793	2.592629	0.909713	115	94	103	543.699
-2.094395	1.128190	-2.288622	102	104	117	543.664
-2.617994	1.433411	-1.035986	102	35	5	543.438
1.832596	2.187132	-0.479875	110	98	98	543.402
2.094395	1.488617	1.159546	32	107	109	543.345
-1.570796	2.108018	1.311430	106	89	108	543.320
-1.832596	2.724429	-0.348782	111	101	98	543.217
-1.570796	2.180315	-1.357379	124	103	19	543.076
-1.570796	2.396274	-1.959260	110	98	122	543.047
-1.832596	1.506530	1.988858	99	105	97	542.860
2.356194	1.736875	3.023612	103	110	111	542.764
1.308997	1.256302	0.062705	4	107	93	542.680
-0.261799	0.899350	-2.069907	15	95	127	542.605
-1.570796	1.696674	-1.253233	2	105	23	542.535
0.523599	2.979456	-1.009304	31	115	112	542.518
-1.570796	2.164094	-2.991358	115	90	113	542.305
-1.308997	0.290380	-0.796960	20	93	123	542.291
2.094395	0.762244	-0.273349	17	92	5	542.000
-0.261799	2.187132	-0.479875	117	96	16	541.941
-1.308997	1.128190	-2.288622	3	92	8	541.898
1.308997	2.760637	2.781135	104	100	108	541.855
-0.523599	1.128190	-2.288622	126	96	124	541.820
-1.308997	1.662363	0.915448	109	94	102	541.797
-2.094395	0.850607	-1.335383	13	103	30	541.648
-1.832596	0.458961	-0.107937	32	125	124	541.598
0.785398	0.961715	0.014085	2	104	96	541.587
-3.141593	2.984978	1.954446	6	92	103	541.539
-0.785398	1.433411	-1.035986	19	97	115	541.521
1.047198	2.719179	-1.780644	114	99	98	541.393
-2.879793	0.929350	-2.910676	5	120	103	541.250
2.879793	2.379497	0.561089	113	97	100	541.188
-1.832596	0.685216	-1.712745	15	98	32	541.111
0.000000	0.458961	-0.107937	123	95	106	541.043
0.261799	2.153910	-1.714959	117	98	101	540.932
-1.570796	1.606104	-0.451151	117	7	35	540.888
2.356194	1.413347	-1.339188	106	8	31	540.879
-0.523599	2.863997	0.549740	103	95	117	540.868
2.356194	0.379747	-1.713059	96	16	10	540.844
2.879793	1.413430	2.550734	117	10	93	540.805
-2.879793	1.413430	2.550734	114	0	93	540.779
2.094395	0.866955	-0.931351	102	126	27	540.734
1.570796	2.396274	-1.959260	115	101	98	540.572
-0.785398	2.478122	2.609777	118	12	102	540.449
-2.617994	1.606104	-0.451151	9	6	36	540.428
0.261799	0.619654	-2.216909	22	97	112	540.307
2.617994	0.850607	-1.335383	104	13	20	540.201
0.261799	2.089241	-0.114193	116	93	19	540.149
0.000000	1.301460	-0.509251	23	92	120	540.113
-1.047198	0.960688	-0.577532	16	2	31	540.051
-1.570796	1.766067	2.153843	119	97	102	539.891
-2.617994	0.914445	2.687814	124	95	123	539.883
2.094395	0.899350	-2.069907	23	95	3	539.875
1.570796	0.496451	0.593859	19	89	124	539.844
-1.832596	2.404280	-0.174044	116	100	99	539.741
-0.785398	2.393226	1.857173	116	26	112	539.484
-2.879793	1.218453	2.777284	108	11	99	539.474
0.523599	1.662363	0.915448	105	99	7	539.457
0.523599	1.301460	-0.509251	105	93	104	539.447
-1.308997	1.824694	1.850876	105	6	96	539.416
-2.617994	1.448123	-2.163292	103	102	117	539.389
-2.356194	1.440580	2.260026	94	109	102	539.378
-2.356194	2.174483	2.653697	116	115	90	539.335
-2.356194	0.379747	-1.713059	106	93	1	539.330
0.523599	2.174483	2.653697	113	95	106	539.222
1.308997	2.343981	-1.040456	27	13	15	539.188
-2.617994	1.756530	-2.105156	88	115	125	539.099
-0.261799	1.450119	-2.739050	116	97	114	538.941
0.000000	2.115563	0.685730	83	119	114	538.864
2.617994	0.685216	-1.712745	90	124	11	538.839
0.261799	1.736875	3.023612	17	125	98	538.825
0.261799	2.719179	-1.780644	35	2	5	538.742
